  display.c
  getbits.c
E:\DoomAndRedEngine\GameEngine\RoQ_video_tools_src\roq2_msvc2013\roq2_src\mpeg\getbits.c(65,18): warning C4996: 'read': The POSIX name for this item is deprecated. Instead, use the ISO C and C++ conformant name: _read. See online help for details.
E:\DoomAndRedEngine\GameEngine\RoQ_video_tools_src\roq2_msvc2013\roq2_src\mpeg\getbits.c(101,5): warning C4996: 'read': The POSIX name for this item is deprecated. Instead, use the ISO C and C++ conformant name: _read. See online help for details.
  getblk.c
  gethdr.c
E:\DoomAndRedEngine\GameEngine\RoQ_video_tools_src\roq2_msvc2013\roq2_src\mpeg\gethdr.c(462,7): warning C4101: 'pos': unreferenced local variable
  getpic.c
  getvlc.c
  idct.c
  idctref.c
  motion.c
  mpeg2dec.c
E:\DoomAndRedEngine\GameEngine\RoQ_video_tools_src\roq2_msvc2013\roq2_src\mpeg\mpeg2dec.c(78,20): warning C4013: 'open' undefined; assuming extern returning int
E:\DoomAndRedEngine\GameEngine\RoQ_video_tools_src\roq2_msvc2013\roq2_src\mpeg\mpeg2dec.c(113,5): warning C4013: 'lseek' undefined; assuming extern returning int
E:\DoomAndRedEngine\GameEngine\RoQ_video_tools_src\roq2_msvc2013\roq2_src\mpeg\mpeg2dec.c(91,7): warning C4996: 'sprintf': This function or variable may be unsafe. Consider using sprintf_s instead. To disable deprecation, use _CRT_SECURE_NO_WARNINGS. See online help for details.
E:\DoomAndRedEngine\GameEngine\RoQ_video_tools_src\roq2_msvc2013\roq2_src\mpeg\mpeg2dec.c(108,7): warning C4996: 'sprintf': This function or variable may be unsafe. Consider using sprintf_s instead. To disable deprecation, use _CRT_SECURE_NO_WARNINGS. See online help for details.
E:\DoomAndRedEngine\GameEngine\RoQ_video_tools_src\roq2_msvc2013\roq2_src\mpeg\mpeg2dec.c(130,7): warning C4996: 'sprintf': This function or variable may be unsafe. Consider using sprintf_s instead. To disable deprecation, use _CRT_SECURE_NO_WARNINGS. See online help for details.
E:\DoomAndRedEngine\GameEngine\RoQ_video_tools_src\roq2_msvc2013\roq2_src\mpeg\mpeg2dec.c(61,7): warning C4101: 'ret': unreferenced local variable
E:\DoomAndRedEngine\GameEngine\RoQ_video_tools_src\roq2_msvc2013\roq2_src\mpeg\mpeg2dec.c(549,7): warning C4996: 'sscanf': This function or variable may be unsafe. Consider using sscanf_s instead. To disable deprecation, use _CRT_SECURE_NO_WARNINGS. See online help for details.
  MpegDecoder.c
E:\DoomAndRedEngine\GameEngine\RoQ_video_tools_src\roq2_msvc2013\roq2_src\mpeg\MpegDecoder.c(21,3): warning C4013: 'free' undefined; assuming extern returning int
E:\DoomAndRedEngine\GameEngine\RoQ_video_tools_src\roq2_msvc2013\roq2_src\mpeg\MpegDecoder.c(41,26): warning C4013: 'calloc' undefined; assuming extern returning int
E:\DoomAndRedEngine\GameEngine\RoQ_video_tools_src\roq2_msvc2013\roq2_src\mpeg\MpegDecoder.c(43,3): warning C4013: 'mpeg_main' undefined; assuming extern returning int
E:\DoomAndRedEngine\GameEngine\RoQ_video_tools_src\roq2_msvc2013\roq2_src\mpeg\MpegDecoder.c(126,8): warning C4013: 'Headers' undefined; assuming extern returning int
E:\DoomAndRedEngine\GameEngine\RoQ_video_tools_src\roq2_msvc2013\roq2_src\mpeg\MpegDecoder.c(136,5): warning C4013: 'Deinitialize_Sequence' undefined; assuming extern returning int
E:\DoomAndRedEngine\GameEngine\RoQ_video_tools_src\roq2_msvc2013\roq2_src\mpeg\MpegDecoder.c(174,4): warning C4013: 'Initialize_Sequence' undefined; assuming extern returning int
  recon.c
  spatscal.c
E:\DoomAndRedEngine\GameEngine\RoQ_video_tools_src\roq2_msvc2013\roq2_src\mpeg\spatscal.c(179,3): warning C4013: 'strcat' undefined; assuming extern returning int
E:\DoomAndRedEngine\GameEngine\RoQ_video_tools_src\roq2_msvc2013\roq2_src\mpeg\spatscal.c(191,17): warning C4013: 'exit' undefined; assuming extern returning int
E:\DoomAndRedEngine\GameEngine\RoQ_video_tools_src\roq2_msvc2013\roq2_src\mpeg\spatscal.c(177,3): warning C4996: 'sprintf': This function or variable may be unsafe. Consider using sprintf_s instead. To disable deprecation, use _CRT_SECURE_NO_WARNINGS. See online help for details.
E:\DoomAndRedEngine\GameEngine\RoQ_video_tools_src\roq2_msvc2013\roq2_src\mpeg\spatscal.c(189,6): warning C4996: 'fopen': This function or variable may be unsafe. Consider using fopen_s instead. To disable deprecation, use _CRT_SECURE_NO_WARNINGS. See online help for details.
E:\DoomAndRedEngine\GameEngine\RoQ_video_tools_src\roq2_msvc2013\roq2_src\mpeg\spatscal.c(237,3): warning C4996: 'sprintf': This function or variable may be unsafe. Consider using sprintf_s instead. To disable deprecation, use _CRT_SECURE_NO_WARNINGS. See online help for details.
E:\DoomAndRedEngine\GameEngine\RoQ_video_tools_src\roq2_msvc2013\roq2_src\mpeg\spatscal.c(249,6): warning C4996: 'fopen': This function or variable may be unsafe. Consider using fopen_s instead. To disable deprecation, use _CRT_SECURE_NO_WARNINGS. See online help for details.
E:\DoomAndRedEngine\GameEngine\RoQ_video_tools_src\roq2_msvc2013\roq2_src\mpeg\spatscal.c(265,5): warning C4996: 'sprintf': This function or variable may be unsafe. Consider using sprintf_s instead. To disable deprecation, use _CRT_SECURE_NO_WARNINGS. See online help for details.
E:\DoomAndRedEngine\GameEngine\RoQ_video_tools_src\roq2_msvc2013\roq2_src\mpeg\spatscal.c(277,8): warning C4996: 'fopen': This function or variable may be unsafe. Consider using fopen_s instead. To disable deprecation, use _CRT_SECURE_NO_WARNINGS. See online help for details.
  store.c
E:\DoomAndRedEngine\GameEngine\RoQ_video_tools_src\roq2_msvc2013\roq2_src\mpeg\store.c(76,5): warning C4996: 'sprintf': This function or variable may be unsafe. Consider using sprintf_s instead. To disable deprecation, use _CRT_SECURE_NO_WARNINGS. See online help for details.
E:\DoomAndRedEngine\GameEngine\RoQ_video_tools_src\roq2_msvc2013\roq2_src\mpeg\store.c(82,5): warning C4996: 'sprintf': This function or variable may be unsafe. Consider using sprintf_s instead. To disable deprecation, use _CRT_SECURE_NO_WARNINGS. See online help for details.
E:\DoomAndRedEngine\GameEngine\RoQ_video_tools_src\roq2_msvc2013\roq2_src\mpeg\store.c(89,5): warning C4996: 'sprintf': This function or variable may be unsafe. Consider using sprintf_s instead. To disable deprecation, use _CRT_SECURE_NO_WARNINGS. See online help for details.
E:\DoomAndRedEngine\GameEngine\RoQ_video_tools_src\roq2_msvc2013\roq2_src\mpeg\store.c(148,3): warning C4996: 'sprintf': This function or variable may be unsafe. Consider using sprintf_s instead. To disable deprecation, use _CRT_SECURE_NO_WARNINGS. See online help for details.
E:\DoomAndRedEngine\GameEngine\RoQ_video_tools_src\roq2_msvc2013\roq2_src\mpeg\store.c(161,3): warning C4996: 'sprintf': This function or variable may be unsafe. Consider using sprintf_s instead. To disable deprecation, use _CRT_SECURE_NO_WARNINGS. See online help for details.
E:\DoomAndRedEngine\GameEngine\RoQ_video_tools_src\roq2_msvc2013\roq2_src\mpeg\store.c(164,3): warning C4996: 'sprintf': This function or variable may be unsafe. Consider using sprintf_s instead. To disable deprecation, use _CRT_SECURE_NO_WARNINGS. See online help for details.
E:\DoomAndRedEngine\GameEngine\RoQ_video_tools_src\roq2_msvc2013\roq2_src\mpeg\store.c(180,18): warning C4996: 'open': The POSIX name for this item is deprecated. Instead, use the ISO C and C++ conformant name: _open. See online help for details.
E:\DoomAndRedEngine\GameEngine\RoQ_video_tools_src\roq2_msvc2013\roq2_src\mpeg\store.c(182,5): warning C4996: 'sprintf': This function or variable may be unsafe. Consider using sprintf_s instead. To disable deprecation, use _CRT_SECURE_NO_WARNINGS. See online help for details.
E:\DoomAndRedEngine\GameEngine\RoQ_video_tools_src\roq2_msvc2013\roq2_src\mpeg\store.c(196,5): warning C4996: 'write': The POSIX name for this item is deprecated. Instead, use the ISO C and C++ conformant name: _write. See online help for details.
E:\DoomAndRedEngine\GameEngine\RoQ_video_tools_src\roq2_msvc2013\roq2_src\mpeg\store.c(198,3): warning C4996: 'close': The POSIX name for this item is deprecated. Instead, use the ISO C and C++ conformant name: _close. See online help for details.
E:\DoomAndRedEngine\GameEngine\RoQ_video_tools_src\roq2_msvc2013\roq2_src\mpeg\store.c(237,3): warning C4013: 'strcat' undefined; assuming extern returning int
E:\DoomAndRedEngine\GameEngine\RoQ_video_tools_src\roq2_msvc2013\roq2_src\mpeg\store.c(242,18): warning C4996: 'open': The POSIX name for this item is deprecated. Instead, use the ISO C and C++ conformant name: _open. See online help for details.
E:\DoomAndRedEngine\GameEngine\RoQ_video_tools_src\roq2_msvc2013\roq2_src\mpeg\store.c(244,5): warning C4996: 'sprintf': This function or variable may be unsafe. Consider using sprintf_s instead. To disable deprecation, use _CRT_SECURE_NO_WARNINGS. See online help for details.
E:\DoomAndRedEngine\GameEngine\RoQ_video_tools_src\roq2_msvc2013\roq2_src\mpeg\store.c(266,5): warning C4996: 'write': The POSIX name for this item is deprecated. Instead, use the ISO C and C++ conformant name: _write. See online help for details.
E:\DoomAndRedEngine\GameEngine\RoQ_video_tools_src\roq2_msvc2013\roq2_src\mpeg\store.c(268,3): warning C4996: 'close': The POSIX name for this item is deprecated. Instead, use the ISO C and C++ conformant name: _close. See online help for details.
E:\DoomAndRedEngine\GameEngine\RoQ_video_tools_src\roq2_msvc2013\roq2_src\mpeg\store.c(335,18): warning C4996: 'open': The POSIX name for this item is deprecated. Instead, use the ISO C and C++ conformant name: _open. See online help for details.
E:\DoomAndRedEngine\GameEngine\RoQ_video_tools_src\roq2_msvc2013\roq2_src\mpeg\store.c(337,5): warning C4996: 'sprintf': This function or variable may be unsafe. Consider using sprintf_s instead. To disable deprecation, use _CRT_SECURE_NO_WARNINGS. See online help for details.
E:\DoomAndRedEngine\GameEngine\RoQ_video_tools_src\roq2_msvc2013\roq2_src\mpeg\store.c(355,5): warning C4996: 'sprintf': This function or variable may be unsafe. Consider using sprintf_s instead. To disable deprecation, use _CRT_SECURE_NO_WARNINGS. See online help for details.
E:\DoomAndRedEngine\GameEngine\RoQ_video_tools_src\roq2_msvc2013\roq2_src\mpeg\store.c(394,5): warning C4996: 'write': The POSIX name for this item is deprecated. Instead, use the ISO C and C++ conformant name: _write. See online help for details.
E:\DoomAndRedEngine\GameEngine\RoQ_video_tools_src\roq2_msvc2013\roq2_src\mpeg\store.c(396,3): warning C4996: 'close': The POSIX name for this item is deprecated. Instead, use the ISO C and C++ conformant name: _close. See online help for details.
E:\DoomAndRedEngine\GameEngine\RoQ_video_tools_src\roq2_msvc2013\roq2_src\mpeg\store.c(412,8): warning C4101: 'header': unreferenced local variable
E:\DoomAndRedEngine\GameEngine\RoQ_video_tools_src\roq2_msvc2013\roq2_src\mpeg\store.c(509,5): warning C4996: 'write': The POSIX name for this item is deprecated. Instead, use the ISO C and C++ conformant name: _write. See online help for details.
  subspic.c
E:\DoomAndRedEngine\GameEngine\RoQ_video_tools_src\roq2_msvc2013\roq2_src\mpeg\subspic.c(449,3): warning C4996: 'sprintf': This function or variable may be unsafe. Consider using sprintf_s instead. To disable deprecation, use _CRT_SECURE_NO_WARNINGS. See online help for details.
E:\DoomAndRedEngine\GameEngine\RoQ_video_tools_src\roq2_msvc2013\roq2_src\mpeg\subspic.c(455,3): warning C4996: 'sprintf': This function or variable may be unsafe. Consider using sprintf_s instead. To disable deprecation, use _CRT_SECURE_NO_WARNINGS. See online help for details.
E:\DoomAndRedEngine\GameEngine\RoQ_video_tools_src\roq2_msvc2013\roq2_src\mpeg\subspic.c(463,3): warning C4996: 'sprintf': This function or variable may be unsafe. Consider using sprintf_s instead. To disable deprecation, use _CRT_SECURE_NO_WARNINGS. See online help for details.
E:\DoomAndRedEngine\GameEngine\RoQ_video_tools_src\roq2_msvc2013\roq2_src\mpeg\subspic.c(469,3): warning C4996: 'sprintf': This function or variable may be unsafe. Consider using sprintf_s instead. To disable deprecation, use _CRT_SECURE_NO_WARNINGS. See online help for details.
E:\DoomAndRedEngine\GameEngine\RoQ_video_tools_src\roq2_msvc2013\roq2_src\mpeg\subspic.c(515,15): warning C4013: 'open' undefined; assuming extern returning int
E:\DoomAndRedEngine\GameEngine\RoQ_video_tools_src\roq2_msvc2013\roq2_src\mpeg\subspic.c(527,16): warning C4013: 'read' undefined; assuming extern returning int
E:\DoomAndRedEngine\GameEngine\RoQ_video_tools_src\roq2_msvc2013\roq2_src\mpeg\subspic.c(543,3): warning C4013: 'close' undefined; assuming extern returning int
E:\DoomAndRedEngine\GameEngine\RoQ_video_tools_src\roq2_msvc2013\roq2_src\mpeg\subspic.c(587,14): warning C4996: 'fopen': This function or variable may be unsafe. Consider using fopen_s instead. To disable deprecation, use _CRT_SECURE_NO_WARNINGS. See online help for details.
E:\DoomAndRedEngine\GameEngine\RoQ_video_tools_src\roq2_msvc2013\roq2_src\mpeg\subspic.c(591,5): warning C4996: 'sprintf': This function or variable may be unsafe. Consider using sprintf_s instead. To disable deprecation, use _CRT_SECURE_NO_WARNINGS. See online help for details.
  systems.c
  verify.c
  Generating Code...
  mpeg.vcxproj -> E:\DoomAndRedEngine\GameEngine\RoQ_video_tools_src\roq2_msvc2013\roq2_src\mpeg\Debug\mpeg.lib
