e:\doomandredengine\gameengine\roq2_video_tools_src\roq_video_tools_src\switchblade4\source code\src\switchblade4\sbmux4\debug\vc143.pdb
e:\doomandredengine\gameengine\roq2_video_tools_src\roq_video_tools_src\switchblade4\source code\src\switchblade4\sbmux4\debug\vc143.idb
e:\doomandredengine\gameengine\roq2_video_tools_src\roq_video_tools_src\switchblade4\source code\src\switchblade4\sbmux4\debug\tdp_exception.obj
e:\doomandredengine\gameengine\roq2_video_tools_src\roq_video_tools_src\switchblade4\source code\src\switchblade4\sbmux4\debug\tdp_guard.obj
e:\doomandredengine\gameengine\roq2_video_tools_src\roq_video_tools_src\switchblade4\source code\src\switchblade4\sbmux4\debug\tdp_string.obj
e:\doomandredengine\gameengine\roq2_video_tools_src\roq_video_tools_src\switchblade4\source code\src\switchblade4\sbmux4\debug\tdp_vector.obj
e:\doomandredengine\gameengine\roq2_video_tools_src\roq_video_tools_src\switchblade4\source code\src\switchblade4\sbmux4\debug\sb4getfile.obj
e:\doomandredengine\gameengine\roq2_video_tools_src\roq_video_tools_src\switchblade4\source code\src\switchblade4\sbmux4\debug\sb4avisoundreader.obj
e:\doomandredengine\gameengine\roq2_video_tools_src\roq_video_tools_src\switchblade4\source code\src\switchblade4\sbmux4\debug\sb4lsfreader.obj
e:\doomandredengine\gameengine\roq2_video_tools_src\roq_video_tools_src\switchblade4\source code\src\switchblade4\sbmux4\debug\sbmux4.obj
e:\doomandredengine\gameengine\roq2_video_tools_src\roq_video_tools_src\switchblade4\source code\src\switchblade4\sbmux4\debug\sbmux4main.obj
e:\doomandredengine\gameengine\roq2_video_tools_src\roq_video_tools_src\switchblade4\source code\src\switchblade4\sbmux4\debug\paf.obj
e:\doomandredengine\gameengine\roq2_video_tools_src\roq_video_tools_src\switchblade4\source code\src\switchblade4\sbmux4\debug\pcm.obj
e:\doomandredengine\gameengine\roq2_video_tools_src\roq_video_tools_src\switchblade4\source code\src\switchblade4\sbmux4\debug\pvf.obj
e:\doomandredengine\gameengine\roq2_video_tools_src\roq_video_tools_src\switchblade4\source code\src\switchblade4\sbmux4\debug\raw.obj
e:\doomandredengine\gameengine\roq2_video_tools_src\roq_video_tools_src\switchblade4\source code\src\switchblade4\sbmux4\debug\rx2.obj
e:\doomandredengine\gameengine\roq2_video_tools_src\roq_video_tools_src\switchblade4\source code\src\switchblade4\sbmux4\debug\sd2.obj
e:\doomandredengine\gameengine\roq2_video_tools_src\roq_video_tools_src\switchblade4\source code\src\switchblade4\sbmux4\debug\sds.obj
e:\doomandredengine\gameengine\roq2_video_tools_src\roq_video_tools_src\switchblade4\source code\src\switchblade4\sbmux4\debug\sfendian.obj
e:\doomandredengine\gameengine\roq2_video_tools_src\roq_video_tools_src\switchblade4\source code\src\switchblade4\sbmux4\debug\sndfile.obj
e:\doomandredengine\gameengine\roq2_video_tools_src\roq_video_tools_src\switchblade4\source code\src\switchblade4\sbmux4\debug\strings.obj
e:\doomandredengine\gameengine\roq2_video_tools_src\roq_video_tools_src\switchblade4\source code\src\switchblade4\sbmux4\debug\svx.obj
e:\doomandredengine\gameengine\roq2_video_tools_src\roq_video_tools_src\switchblade4\source code\src\switchblade4\sbmux4\debug\txw.obj
e:\doomandredengine\gameengine\roq2_video_tools_src\roq_video_tools_src\switchblade4\source code\src\switchblade4\sbmux4\debug\ulaw.obj
e:\doomandredengine\gameengine\roq2_video_tools_src\roq_video_tools_src\switchblade4\source code\src\switchblade4\sbmux4\debug\voc.obj
e:\doomandredengine\gameengine\roq2_video_tools_src\roq_video_tools_src\switchblade4\source code\src\switchblade4\sbmux4\debug\vox_adpcm.obj
e:\doomandredengine\gameengine\roq2_video_tools_src\roq_video_tools_src\switchblade4\source code\src\switchblade4\sbmux4\debug\w64.obj
e:\doomandredengine\gameengine\roq2_video_tools_src\roq_video_tools_src\switchblade4\source code\src\switchblade4\sbmux4\debug\wav.obj
e:\doomandredengine\gameengine\roq2_video_tools_src\roq_video_tools_src\switchblade4\source code\src\switchblade4\sbmux4\debug\wav_w64.obj
e:\doomandredengine\gameengine\roq2_video_tools_src\roq_video_tools_src\switchblade4\source code\src\switchblade4\sbmux4\debug\wve.obj
e:\doomandredengine\gameengine\roq2_video_tools_src\roq_video_tools_src\switchblade4\source code\src\switchblade4\sbmux4\debug\xi.obj
e:\doomandredengine\gameengine\roq2_video_tools_src\roq_video_tools_src\switchblade4\source code\src\switchblade4\sbmux4\debug\gsm_create.obj
e:\doomandredengine\gameengine\roq2_video_tools_src\roq_video_tools_src\switchblade4\source code\src\switchblade4\sbmux4\debug\gsm_decode.obj
e:\doomandredengine\gameengine\roq2_video_tools_src\roq_video_tools_src\switchblade4\source code\src\switchblade4\sbmux4\debug\gsm_destroy.obj
e:\doomandredengine\gameengine\roq2_video_tools_src\roq_video_tools_src\switchblade4\source code\src\switchblade4\sbmux4\debug\gsm_encode.obj
e:\doomandredengine\gameengine\roq2_video_tools_src\roq_video_tools_src\switchblade4\source code\src\switchblade4\sbmux4\debug\gsm_option.obj
e:\doomandredengine\gameengine\roq2_video_tools_src\roq_video_tools_src\switchblade4\source code\src\switchblade4\sbmux4\debug\long_term.obj
e:\doomandredengine\gameengine\roq2_video_tools_src\roq_video_tools_src\switchblade4\source code\src\switchblade4\sbmux4\debug\lpc.obj
e:\doomandredengine\gameengine\roq2_video_tools_src\roq_video_tools_src\switchblade4\source code\src\switchblade4\sbmux4\debug\preprocess.obj
e:\doomandredengine\gameengine\roq2_video_tools_src\roq_video_tools_src\switchblade4\source code\src\switchblade4\sbmux4\debug\rpe.obj
e:\doomandredengine\gameengine\roq2_video_tools_src\roq_video_tools_src\switchblade4\source code\src\switchblade4\sbmux4\debug\short_term.obj
e:\doomandredengine\gameengine\roq2_video_tools_src\roq_video_tools_src\switchblade4\source code\src\switchblade4\sbmux4\debug\table.obj
e:\doomandredengine\gameengine\roq2_video_tools_src\roq_video_tools_src\switchblade4\source code\src\switchblade4\sbmux4\debug\htk.obj
e:\doomandredengine\gameengine\roq2_video_tools_src\roq_video_tools_src\switchblade4\source code\src\switchblade4\sbmux4\debug\ima_adpcm.obj
e:\doomandredengine\gameengine\roq2_video_tools_src\roq_video_tools_src\switchblade4\source code\src\switchblade4\sbmux4\debug\interleave.obj
e:\doomandredengine\gameengine\roq2_video_tools_src\roq_video_tools_src\switchblade4\source code\src\switchblade4\sbmux4\debug\ircam.obj
e:\doomandredengine\gameengine\roq2_video_tools_src\roq_video_tools_src\switchblade4\source code\src\switchblade4\sbmux4\debug\mat4.obj
e:\doomandredengine\gameengine\roq2_video_tools_src\roq_video_tools_src\switchblade4\source code\src\switchblade4\sbmux4\debug\mat5.obj
e:\doomandredengine\gameengine\roq2_video_tools_src\roq_video_tools_src\switchblade4\source code\src\switchblade4\sbmux4\debug\ms_adpcm.obj
e:\doomandredengine\gameengine\roq2_video_tools_src\roq_video_tools_src\switchblade4\source code\src\switchblade4\sbmux4\debug\nist.obj
e:\doomandredengine\gameengine\roq2_video_tools_src\roq_video_tools_src\switchblade4\source code\src\switchblade4\sbmux4\debug\ogg.obj
e:\doomandredengine\gameengine\roq2_video_tools_src\roq_video_tools_src\switchblade4\source code\src\switchblade4\sbmux4\debug\alaw.obj
e:\doomandredengine\gameengine\roq2_video_tools_src\roq_video_tools_src\switchblade4\source code\src\switchblade4\sbmux4\debug\au.obj
e:\doomandredengine\gameengine\roq2_video_tools_src\roq_video_tools_src\switchblade4\source code\src\switchblade4\sbmux4\debug\au_g72x.obj
e:\doomandredengine\gameengine\roq2_video_tools_src\roq_video_tools_src\switchblade4\source code\src\switchblade4\sbmux4\debug\command.obj
e:\doomandredengine\gameengine\roq2_video_tools_src\roq_video_tools_src\switchblade4\source code\src\switchblade4\sbmux4\debug\common.obj
e:\doomandredengine\gameengine\roq2_video_tools_src\roq_video_tools_src\switchblade4\source code\src\switchblade4\sbmux4\debug\dither.obj
e:\doomandredengine\gameengine\roq2_video_tools_src\roq_video_tools_src\switchblade4\source code\src\switchblade4\sbmux4\debug\double64.obj
e:\doomandredengine\gameengine\roq2_video_tools_src\roq_video_tools_src\switchblade4\source code\src\switchblade4\sbmux4\debug\dwd.obj
e:\doomandredengine\gameengine\roq2_video_tools_src\roq_video_tools_src\switchblade4\source code\src\switchblade4\sbmux4\debug\dwvw.obj
e:\doomandredengine\gameengine\roq2_video_tools_src\roq_video_tools_src\switchblade4\source code\src\switchblade4\sbmux4\debug\file_io.obj
e:\doomandredengine\gameengine\roq2_video_tools_src\roq_video_tools_src\switchblade4\source code\src\switchblade4\sbmux4\debug\float32.obj
e:\doomandredengine\gameengine\roq2_video_tools_src\roq_video_tools_src\switchblade4\source code\src\switchblade4\sbmux4\debug\g721.obj
e:\doomandredengine\gameengine\roq2_video_tools_src\roq_video_tools_src\switchblade4\source code\src\switchblade4\sbmux4\debug\g723_16.obj
e:\doomandredengine\gameengine\roq2_video_tools_src\roq_video_tools_src\switchblade4\source code\src\switchblade4\sbmux4\debug\g723_24.obj
e:\doomandredengine\gameengine\roq2_video_tools_src\roq_video_tools_src\switchblade4\source code\src\switchblade4\sbmux4\debug\g723_40.obj
e:\doomandredengine\gameengine\roq2_video_tools_src\roq_video_tools_src\switchblade4\source code\src\switchblade4\sbmux4\debug\g72x.obj
e:\doomandredengine\gameengine\roq2_video_tools_src\roq_video_tools_src\switchblade4\source code\src\switchblade4\sbmux4\debug\gsm610.obj
e:\doomandredengine\gameengine\roq2_video_tools_src\roq_video_tools_src\switchblade4\source code\src\switchblade4\sbmux4\debug\add.obj
e:\doomandredengine\gameengine\roq2_video_tools_src\roq_video_tools_src\switchblade4\source code\src\switchblade4\sbmux4\debug\code.obj
e:\doomandredengine\gameengine\roq2_video_tools_src\roq_video_tools_src\switchblade4\source code\src\switchblade4\sbmux4\debug\decode.obj
e:\doomandredengine\gameengine\roq2_video_tools_src\roq_video_tools_src\switchblade4\source code\src\switchblade4\sbmux4\debug\adpcm.obj
e:\doomandredengine\gameengine\roq2_video_tools_src\roq_video_tools_src\switchblade4\source code\src\switchblade4\sbmux4\debug\aiff.obj
e:\doomandredengine\gameengine\roq2_video_tools_src\roq_video_tools_src\switchblade4\source code\release\tools\sbmux4_dbg.ilk
e:\doomandredengine\gameengine\roq2_video_tools_src\roq_video_tools_src\switchblade4\source code\release\tools\sbmux4_dbg.exe
e:\doomandredengine\gameengine\roq2_video_tools_src\roq_video_tools_src\switchblade4\source code\src\switchblade4\debug\sbmux4.pdb
e:\doomandredengine\gameengine\roq2_video_tools_src\roq_video_tools_src\switchblade4\source code\src\switchblade4\sbmux4\debug\sbmux4.tlog\cl.command.1.tlog
e:\doomandredengine\gameengine\roq2_video_tools_src\roq_video_tools_src\switchblade4\source code\src\switchblade4\sbmux4\debug\sbmux4.tlog\cl.items.tlog
e:\doomandredengine\gameengine\roq2_video_tools_src\roq_video_tools_src\switchblade4\source code\src\switchblade4\sbmux4\debug\sbmux4.tlog\cl.read.1.tlog
e:\doomandredengine\gameengine\roq2_video_tools_src\roq_video_tools_src\switchblade4\source code\src\switchblade4\sbmux4\debug\sbmux4.tlog\cl.write.1.tlog
e:\doomandredengine\gameengine\roq2_video_tools_src\roq_video_tools_src\switchblade4\source code\src\switchblade4\sbmux4\debug\sbmux4.tlog\link.command.1.tlog
e:\doomandredengine\gameengine\roq2_video_tools_src\roq_video_tools_src\switchblade4\source code\src\switchblade4\sbmux4\debug\sbmux4.tlog\link.read.1.tlog
e:\doomandredengine\gameengine\roq2_video_tools_src\roq_video_tools_src\switchblade4\source code\src\switchblade4\sbmux4\debug\sbmux4.tlog\link.write.1.tlog
