  im.c
  imbmp.c
E:\DoomAndRedEngine\GameEngine\RoQ_video_tools_src\roq2_msvc2013\roq2_src\libim\imbmp.c(448,57): warning C4047: 'initializing': 'int' differs in levels of indirection from 'void *'
E:\DoomAndRedEngine\GameEngine\RoQ_video_tools_src\roq2_msvc2013\roq2_src\libim\imbmp.c(696,16): warning C4018: '<': signed/unsigned mismatch
E:\DoomAndRedEngine\GameEngine\RoQ_video_tools_src\roq2_msvc2013\roq2_src\libim\imbmp.c(840,16): warning C4018: '<': signed/unsigned mismatch
E:\DoomAndRedEngine\GameEngine\RoQ_video_tools_src\roq2_msvc2013\roq2_src\libim\imbmp.c(1153,4): warning C4013: 'lseek' undefined; assuming extern returning int
E:\DoomAndRedEngine\GameEngine\RoQ_video_tools_src\roq2_msvc2013\roq2_src\libim\imbmp.c(1219,18): warning C4018: '<': signed/unsigned mismatch
E:\DoomAndRedEngine\GameEngine\RoQ_video_tools_src\roq2_msvc2013\roq2_src\libim\imbmp.c(1228,22): warning C4018: '<': signed/unsigned mismatch
E:\DoomAndRedEngine\GameEngine\RoQ_video_tools_src\roq2_msvc2013\roq2_src\libim\imbmp.c(1249,20): warning C4018: '<': signed/unsigned mismatch
E:\DoomAndRedEngine\GameEngine\RoQ_video_tools_src\roq2_msvc2013\roq2_src\libim\imbmp.c(1302,18): warning C4018: '<': signed/unsigned mismatch
E:\DoomAndRedEngine\GameEngine\RoQ_video_tools_src\roq2_msvc2013\roq2_src\libim\imbmp.c(1311,22): warning C4018: '<': signed/unsigned mismatch
E:\DoomAndRedEngine\GameEngine\RoQ_video_tools_src\roq2_msvc2013\roq2_src\libim\imbmp.c(1371,18): warning C4018: '<': signed/unsigned mismatch
E:\DoomAndRedEngine\GameEngine\RoQ_video_tools_src\roq2_msvc2013\roq2_src\libim\imbmp.c(1380,22): warning C4018: '<': signed/unsigned mismatch
E:\DoomAndRedEngine\GameEngine\RoQ_video_tools_src\roq2_msvc2013\roq2_src\libim\imbmp.c(1427,18): warning C4018: '<': signed/unsigned mismatch
E:\DoomAndRedEngine\GameEngine\RoQ_video_tools_src\roq2_msvc2013\roq2_src\libim\imbmp.c(1436,22): warning C4018: '<': signed/unsigned mismatch
E:\DoomAndRedEngine\GameEngine\RoQ_video_tools_src\roq2_msvc2013\roq2_src\libim\imbmp.c(1680,16): warning C4018: '<': signed/unsigned mismatch
E:\DoomAndRedEngine\GameEngine\RoQ_video_tools_src\roq2_msvc2013\roq2_src\libim\imbmp.c(1683,17): warning C4018: '<': signed/unsigned mismatch
E:\DoomAndRedEngine\GameEngine\RoQ_video_tools_src\roq2_msvc2013\roq2_src\libim\imbmp.c(1715,18): warning C4018: '<': signed/unsigned mismatch
E:\DoomAndRedEngine\GameEngine\RoQ_video_tools_src\roq2_msvc2013\roq2_src\libim\imbmp.c(1884,16): warning C4018: '<': signed/unsigned mismatch
E:\DoomAndRedEngine\GameEngine\RoQ_video_tools_src\roq2_msvc2013\roq2_src\libim\imbmp.c(1918,16): warning C4018: '<': signed/unsigned mismatch
E:\DoomAndRedEngine\GameEngine\RoQ_video_tools_src\roq2_msvc2013\roq2_src\libim\imbmp.c(1921,17): warning C4018: '<': signed/unsigned mismatch
E:\DoomAndRedEngine\GameEngine\RoQ_video_tools_src\roq2_msvc2013\roq2_src\libim\imbmp.c(1774,17): warning C4101: 'cltentry': unreferenced local variable
E:\DoomAndRedEngine\GameEngine\RoQ_video_tools_src\roq2_msvc2013\roq2_src\libim\imbmp.c(2113,16): warning C4018: '<': signed/unsigned mismatch
E:\DoomAndRedEngine\GameEngine\RoQ_video_tools_src\roq2_msvc2013\roq2_src\libim\imbmp.c(2147,16): warning C4018: '<': signed/unsigned mismatch
E:\DoomAndRedEngine\GameEngine\RoQ_video_tools_src\roq2_msvc2013\roq2_src\libim\imbmp.c(2150,17): warning C4018: '<': signed/unsigned mismatch
E:\DoomAndRedEngine\GameEngine\RoQ_video_tools_src\roq2_msvc2013\roq2_src\libim\imbmp.c(2298,16): warning C4018: '<': signed/unsigned mismatch
E:\DoomAndRedEngine\GameEngine\RoQ_video_tools_src\roq2_msvc2013\roq2_src\libim\imbmp.c(2301,17): warning C4018: '<': signed/unsigned mismatch
E:\DoomAndRedEngine\GameEngine\RoQ_video_tools_src\roq2_msvc2013\roq2_src\libim\imbmp.c(2475,16): warning C4018: '<': signed/unsigned mismatch
E:\DoomAndRedEngine\GameEngine\RoQ_video_tools_src\roq2_msvc2013\roq2_src\libim\imbmp.c(2517,16): warning C4018: '<': signed/unsigned mismatch
E:\DoomAndRedEngine\GameEngine\RoQ_video_tools_src\roq2_msvc2013\roq2_src\libim\imbmp.c(2706,15): warning C4018: '<': signed/unsigned mismatch
E:\DoomAndRedEngine\GameEngine\RoQ_video_tools_src\roq2_msvc2013\roq2_src\libim\imbmp.c(2707,15): warning C4018: '<': signed/unsigned mismatch
E:\DoomAndRedEngine\GameEngine\RoQ_video_tools_src\roq2_msvc2013\roq2_src\libim\imbmp.c(2823,20): warning C4018: '<': signed/unsigned mismatch
E:\DoomAndRedEngine\GameEngine\RoQ_video_tools_src\roq2_msvc2013\roq2_src\libim\imbmp.c(2955,19): warning C4018: '<': signed/unsigned mismatch
E:\DoomAndRedEngine\GameEngine\RoQ_video_tools_src\roq2_msvc2013\roq2_src\libim\imbmp.c(3175,16): warning C4018: '<': signed/unsigned mismatch
E:\DoomAndRedEngine\GameEngine\RoQ_video_tools_src\roq2_msvc2013\roq2_src\libim\imbmp.c(3213,16): warning C4018: '<': signed/unsigned mismatch
E:\DoomAndRedEngine\GameEngine\RoQ_video_tools_src\roq2_msvc2013\roq2_src\libim\imbmp.c(3387,15): warning C4018: '<': signed/unsigned mismatch
E:\DoomAndRedEngine\GameEngine\RoQ_video_tools_src\roq2_msvc2013\roq2_src\libim\imbmp.c(3388,15): warning C4018: '<': signed/unsigned mismatch
E:\DoomAndRedEngine\GameEngine\RoQ_video_tools_src\roq2_msvc2013\roq2_src\libim\imbmp.c(3490,20): warning C4018: '<': signed/unsigned mismatch
E:\DoomAndRedEngine\GameEngine\RoQ_video_tools_src\roq2_msvc2013\roq2_src\libim\imbmp.c(3623,19): warning C4018: '<': signed/unsigned mismatch
  imclt.c
E:\DoomAndRedEngine\GameEngine\RoQ_video_tools_src\roq2_msvc2013\roq2_src\libim\imclt.c(401,20): warning C4244: '=': conversion from 'int' to 'float', possible loss of data
E:\DoomAndRedEngine\GameEngine\RoQ_video_tools_src\roq2_msvc2013\roq2_src\libim\imclt.c(404,10): warning C4244: '=': conversion from 'int' to 'float', possible loss of data
E:\DoomAndRedEngine\GameEngine\RoQ_video_tools_src\roq2_msvc2013\roq2_src\libim\imclt.c(416,19): warning C4244: '=': conversion from 'int' to 'float', possible loss of data
E:\DoomAndRedEngine\GameEngine\RoQ_video_tools_src\roq2_msvc2013\roq2_src\libim\imclt.c(419,9): warning C4244: '=': conversion from 'int' to 'float', possible loss of data
  imcur.c
E:\DoomAndRedEngine\GameEngine\RoQ_video_tools_src\roq2_msvc2013\roq2_src\libim\imcur.c(753,57): warning C4047: 'initializing': 'int' differs in levels of indirection from 'void *'
E:\DoomAndRedEngine\GameEngine\RoQ_video_tools_src\roq2_msvc2013\roq2_src\libim\imcur.c(2345,17): warning C4018: '<': signed/unsigned mismatch
E:\DoomAndRedEngine\GameEngine\RoQ_video_tools_src\roq2_msvc2013\roq2_src\libim\imcur.c(2353,18): warning C4018: '<': signed/unsigned mismatch
E:\DoomAndRedEngine\GameEngine\RoQ_video_tools_src\roq2_msvc2013\roq2_src\libim\imcur.c(2417,19): warning C4018: '<': signed/unsigned mismatch
E:\DoomAndRedEngine\GameEngine\RoQ_video_tools_src\roq2_msvc2013\roq2_src\libim\imcur.c(2507,19): warning C4018: '<': signed/unsigned mismatch
E:\DoomAndRedEngine\GameEngine\RoQ_video_tools_src\roq2_msvc2013\roq2_src\libim\imcur.c(2571,18): warning C4018: '<': signed/unsigned mismatch
E:\DoomAndRedEngine\GameEngine\RoQ_video_tools_src\roq2_msvc2013\roq2_src\libim\imcur.c(2587,18): warning C4018: '<': signed/unsigned mismatch
  imeps.c
E:\DoomAndRedEngine\GameEngine\RoQ_video_tools_src\roq2_msvc2013\roq2_src\libim\imeps.c(753,57): warning C4047: 'initializing': 'int' differs in levels of indirection from 'void *'
E:\DoomAndRedEngine\GameEngine\RoQ_video_tools_src\roq2_msvc2013\roq2_src\libim\imeps.c(1198,38): warning C4996: 'fdopen': The POSIX name for this item is deprecated. Instead, use the ISO C and C++ conformant name: _fdopen. See online help for details.
E:\DoomAndRedEngine\GameEngine\RoQ_video_tools_src\roq2_msvc2013\roq2_src\libim\imeps.c(1642,38): warning C4996: 'fdopen': The POSIX name for this item is deprecated. Instead, use the ISO C and C++ conformant name: _fdopen. See online help for details.
E:\DoomAndRedEngine\GameEngine\RoQ_video_tools_src\roq2_msvc2013\roq2_src\libim\imeps.c(1878,38): warning C4996: 'fdopen': The POSIX name for this item is deprecated. Instead, use the ISO C and C++ conformant name: _fdopen. See online help for details.
E:\DoomAndRedEngine\GameEngine\RoQ_video_tools_src\roq2_msvc2013\roq2_src\libim\imeps.c(2132,38): warning C4996: 'fdopen': The POSIX name for this item is deprecated. Instead, use the ISO C and C++ conformant name: _fdopen. See online help for details.
  imerrno.c
  imfile.c
E:\DoomAndRedEngine\GameEngine\RoQ_video_tools_src\roq2_msvc2013\roq2_src\libim\imfile.c(454,29): warning C4047: '==': 'int' differs in levels of indirection from 'void *'
E:\DoomAndRedEngine\GameEngine\RoQ_video_tools_src\roq2_msvc2013\roq2_src\libim\imfile.c(595,4): warning C4996: 'lseek': The POSIX name for this item is deprecated. Instead, use the ISO C and C++ conformant name: _lseek. See online help for details.
E:\DoomAndRedEngine\GameEngine\RoQ_video_tools_src\roq2_msvc2013\roq2_src\libim\imfile.c(627,7): warning C4996: 'lseek': The POSIX name for this item is deprecated. Instead, use the ISO C and C++ conformant name: _lseek. See online help for details.
E:\DoomAndRedEngine\GameEngine\RoQ_video_tools_src\roq2_msvc2013\roq2_src\libim\imfile.c(555,17): warning C4101: 'ioOperation': unreferenced local variable
E:\DoomAndRedEngine\GameEngine\RoQ_video_tools_src\roq2_msvc2013\roq2_src\libim\imfile.c(935,23): warning C4996: 'isatty': The POSIX name for this item is deprecated. Instead, use the ISO C and C++ conformant name: _isatty. See online help for details.
E:\DoomAndRedEngine\GameEngine\RoQ_video_tools_src\roq2_msvc2013\roq2_src\libim\imfile.c(1061,19): warning C4996: 'open': The POSIX name for this item is deprecated. Instead, use the ISO C and C++ conformant name: _open. See online help for details.
E:\DoomAndRedEngine\GameEngine\RoQ_video_tools_src\roq2_msvc2013\roq2_src\libim\imfile.c(1066,18): warning C4996: 'read': The POSIX name for this item is deprecated. Instead, use the ISO C and C++ conformant name: _read. See online help for details.
E:\DoomAndRedEngine\GameEngine\RoQ_video_tools_src\roq2_msvc2013\roq2_src\libim\imfile.c(1067,6): warning C4996: 'write': The POSIX name for this item is deprecated. Instead, use the ISO C and C++ conformant name: _write. See online help for details.
E:\DoomAndRedEngine\GameEngine\RoQ_video_tools_src\roq2_msvc2013\roq2_src\libim\imfile.c(1068,5): warning C4996: 'lseek': The POSIX name for this item is deprecated. Instead, use the ISO C and C++ conformant name: _lseek. See online help for details.
E:\DoomAndRedEngine\GameEngine\RoQ_video_tools_src\roq2_msvc2013\roq2_src\libim\imfile.c(1071,5): warning C4996: 'close': The POSIX name for this item is deprecated. Instead, use the ISO C and C++ conformant name: _close. See online help for details.
E:\DoomAndRedEngine\GameEngine\RoQ_video_tools_src\roq2_msvc2013\roq2_src\libim\imfile.c(1072,5): warning C4996: 'unlink': The POSIX name for this item is deprecated. Instead, use the ISO C and C++ conformant name: _unlink. See online help for details.
E:\DoomAndRedEngine\GameEngine\RoQ_video_tools_src\roq2_msvc2013\roq2_src\libim\imfile.c(1087,5): warning C4996: 'unlink': The POSIX name for this item is deprecated. Instead, use the ISO C and C++ conformant name: _unlink. See online help for details.
E:\DoomAndRedEngine\GameEngine\RoQ_video_tools_src\roq2_msvc2013\roq2_src\libim\imfile.c(1314,24): warning C4996: 'lseek': The POSIX name for this item is deprecated. Instead, use the ISO C and C++ conformant name: _lseek. See online help for details.
E:\DoomAndRedEngine\GameEngine\RoQ_video_tools_src\roq2_msvc2013\roq2_src\libim\imfile.c(1329,24): warning C4996: 'isatty': The POSIX name for this item is deprecated. Instead, use the ISO C and C++ conformant name: _isatty. See online help for details.
E:\DoomAndRedEngine\GameEngine\RoQ_video_tools_src\roq2_msvc2013\roq2_src\libim\imfile.c(1597,13): warning C4013: 'imFileWriteIt' undefined; assuming extern returning int
E:\DoomAndRedEngine\GameEngine\RoQ_video_tools_src\roq2_msvc2013\roq2_src\libim\imfile.c(2110,18): warning C4996: 'open': The POSIX name for this item is deprecated. Instead, use the ISO C and C++ conformant name: _open. See online help for details.
E:\DoomAndRedEngine\GameEngine\RoQ_video_tools_src\roq2_msvc2013\roq2_src\libim\imfile.c(2117,4): warning C4996: 'lseek': The POSIX name for this item is deprecated. Instead, use the ISO C and C++ conformant name: _lseek. See online help for details.
E:\DoomAndRedEngine\GameEngine\RoQ_video_tools_src\roq2_msvc2013\roq2_src\libim\imfile.c(2118,17): warning C4996: 'read': The POSIX name for this item is deprecated. Instead, use the ISO C and C++ conformant name: _read. See online help for details.
E:\DoomAndRedEngine\GameEngine\RoQ_video_tools_src\roq2_msvc2013\roq2_src\libim\imfile.c(2119,5): warning C4996: 'write': The POSIX name for this item is deprecated. Instead, use the ISO C and C++ conformant name: _write. See online help for details.
E:\DoomAndRedEngine\GameEngine\RoQ_video_tools_src\roq2_msvc2013\roq2_src\libim\imfile.c(2120,4): warning C4996: 'close': The POSIX name for this item is deprecated. Instead, use the ISO C and C++ conformant name: _close. See online help for details.
E:\DoomAndRedEngine\GameEngine\RoQ_video_tools_src\roq2_msvc2013\roq2_src\libim\imfile.c(2121,4): warning C4996: 'unlink': The POSIX name for this item is deprecated. Instead, use the ISO C and C++ conformant name: _unlink. See online help for details.
E:\DoomAndRedEngine\GameEngine\RoQ_video_tools_src\roq2_msvc2013\roq2_src\libim\imfile.c(2135,3): warning C4996: 'unlink': The POSIX name for this item is deprecated. Instead, use the ISO C and C++ conformant name: _unlink. See online help for details.
E:\DoomAndRedEngine\GameEngine\RoQ_video_tools_src\roq2_msvc2013\roq2_src\libim\imfile.c(2161,28): warning C4996: 'lseek': The POSIX name for this item is deprecated. Instead, use the ISO C and C++ conformant name: _lseek. See online help for details.
E:\DoomAndRedEngine\GameEngine\RoQ_video_tools_src\roq2_msvc2013\roq2_src\libim\imfile.c(2173,28): warning C4996: 'isatty': The POSIX name for this item is deprecated. Instead, use the ISO C and C++ conformant name: _isatty. See online help for details.
E:\DoomAndRedEngine\GameEngine\RoQ_video_tools_src\roq2_msvc2013\roq2_src\libim\imfile.c(2263,4): warning C4996: 'lseek': The POSIX name for this item is deprecated. Instead, use the ISO C and C++ conformant name: _lseek. See online help for details.
E:\DoomAndRedEngine\GameEngine\RoQ_video_tools_src\roq2_msvc2013\roq2_src\libim\imfile.c(2295,7): warning C4996: 'lseek': The POSIX name for this item is deprecated. Instead, use the ISO C and C++ conformant name: _lseek. See online help for details.
E:\DoomAndRedEngine\GameEngine\RoQ_video_tools_src\roq2_msvc2013\roq2_src\libim\imfile.c(2198,6): warning C4101: 'ioOperation': unreferenced local variable
E:\DoomAndRedEngine\GameEngine\RoQ_video_tools_src\roq2_msvc2013\roq2_src\libim\imfile.c(2408,3): warning C4047: 'return': 'int' differs in levels of indirection from 'void *'
E:\DoomAndRedEngine\GameEngine\RoQ_video_tools_src\roq2_msvc2013\roq2_src\libim\imfile.c(2438,4): warning C4996: 'write': The POSIX name for this item is deprecated. Instead, use the ISO C and C++ conformant name: _write. See online help for details.
E:\DoomAndRedEngine\GameEngine\RoQ_video_tools_src\roq2_msvc2013\roq2_src\libim\imfile.c(2446,2): warning C4996: 'unlink': The POSIX name for this item is deprecated. Instead, use the ISO C and C++ conformant name: _unlink. See online help for details.
E:\DoomAndRedEngine\GameEngine\RoQ_video_tools_src\roq2_msvc2013\roq2_src\libim\imfile.c(2537,3): warning C4047: 'return': 'int' differs in levels of indirection from 'void *'
E:\DoomAndRedEngine\GameEngine\RoQ_video_tools_src\roq2_msvc2013\roq2_src\libim\imfile.c(2505,17): warning C4996: 'open': The POSIX name for this item is deprecated. Instead, use the ISO C and C++ conformant name: _open. See online help for details.
E:\DoomAndRedEngine\GameEngine\RoQ_video_tools_src\roq2_msvc2013\roq2_src\libim\imfile.c(2510,16): warning C4996: 'read': The POSIX name for this item is deprecated. Instead, use the ISO C and C++ conformant name: _read. See online help for details.
E:\DoomAndRedEngine\GameEngine\RoQ_video_tools_src\roq2_msvc2013\roq2_src\libim\imfile.c(2511,4): warning C4996: 'write': The POSIX name for this item is deprecated. Instead, use the ISO C and C++ conformant name: _write. See online help for details.
E:\DoomAndRedEngine\GameEngine\RoQ_video_tools_src\roq2_msvc2013\roq2_src\libim\imfile.c(2512,3): warning C4996: 'close': The POSIX name for this item is deprecated. Instead, use the ISO C and C++ conformant name: _close. See online help for details.
E:\DoomAndRedEngine\GameEngine\RoQ_video_tools_src\roq2_msvc2013\roq2_src\libim\imfile.c(2597,2): warning C4996: 'unlink': The POSIX name for this item is deprecated. Instead, use the ISO C and C++ conformant name: _unlink. See online help for details.
E:\DoomAndRedEngine\GameEngine\RoQ_video_tools_src\roq2_msvc2013\roq2_src\libim\imfile.c(2671,2): warning C4996: 'mktemp': The POSIX name for this item is deprecated. Instead, use the ISO C and C++ conformant name: _mktemp. See online help for details.
  imfmt.c
  imgif.c
E:\DoomAndRedEngine\GameEngine\RoQ_video_tools_src\roq2_msvc2013\roq2_src\libim\imgif.c(1105,57): warning C4047: 'initializing': 'int' differs in levels of indirection from 'void *'
  imgiflzw.c
  imhdfread.c
E:\DoomAndRedEngine\GameEngine\RoQ_video_tools_src\roq2_msvc2013\roq2_src\libim\imhdfread.c(450,2): warning C4047: 'initializing': 'int' differs in levels of indirection from 'void *'
E:\DoomAndRedEngine\GameEngine\RoQ_video_tools_src\roq2_msvc2013\roq2_src\libim\imhdfread.c(526,57): warning C4047: 'initializing': 'int' differs in levels of indirection from 'void *'
E:\DoomAndRedEngine\GameEngine\RoQ_video_tools_src\roq2_msvc2013\roq2_src\libim\imhdfread.c(893,18): warning C4018: '<': signed/unsigned mismatch
E:\DoomAndRedEngine\GameEngine\RoQ_video_tools_src\roq2_msvc2013\roq2_src\libim\imhdfread.c(1083,3): warning C4013: 'lseek' undefined; assuming extern returning int
E:\DoomAndRedEngine\GameEngine\RoQ_video_tools_src\roq2_msvc2013\roq2_src\libim\imhdfread.c(837,16): warning C4101: 'pPrevDD': unreferenced local variable
E:\DoomAndRedEngine\GameEngine\RoQ_video_tools_src\roq2_msvc2013\roq2_src\libim\imhdfread.c(836,16): warning C4101: 'pDD2': unreferenced local variable
E:\DoomAndRedEngine\GameEngine\RoQ_video_tools_src\roq2_msvc2013\roq2_src\libim\imhdfread.c(1861,13): warning C4013: 'imHdfVfbReadRLERGBPlane' undefined; assuming extern returning int
E:\DoomAndRedEngine\GameEngine\RoQ_video_tools_src\roq2_msvc2013\roq2_src\libim\imhdfread.c(2377,14): warning C4101: 'j': unreferenced local variable
  imhdfwrite.c
E:\DoomAndRedEngine\GameEngine\RoQ_video_tools_src\roq2_msvc2013\roq2_src\libim\imhdfwrite.c(881,11): warning C4013: 'lseek' undefined; assuming extern returning int
E:\DoomAndRedEngine\GameEngine\RoQ_video_tools_src\roq2_msvc2013\roq2_src\libim\imhdfwrite.c(1457,18): warning C4101: 'pPixel': unreferenced local variable
E:\DoomAndRedEngine\GameEngine\RoQ_video_tools_src\roq2_msvc2013\roq2_src\libim\imhdfwrite.c(1479,18): warning C4101: 'tagEntry': unreferenced local variable
E:\DoomAndRedEngine\GameEngine\RoQ_video_tools_src\roq2_msvc2013\roq2_src\libim\imhdfwrite.c(1471,26): warning C4101: 'buffer': unreferenced local variable
  imico.c
E:\DoomAndRedEngine\GameEngine\RoQ_video_tools_src\roq2_msvc2013\roq2_src\libim\imico.c(747,57): warning C4047: 'initializing': 'int' differs in levels of indirection from 'void *'
E:\DoomAndRedEngine\GameEngine\RoQ_video_tools_src\roq2_msvc2013\roq2_src\libim\imico.c(1815,16): warning C4018: '<': signed/unsigned mismatch
E:\DoomAndRedEngine\GameEngine\RoQ_video_tools_src\roq2_msvc2013\roq2_src\libim\imico.c(2699,9): warning C4018: '<': signed/unsigned mismatch
E:\DoomAndRedEngine\GameEngine\RoQ_video_tools_src\roq2_msvc2013\roq2_src\libim\imico.c(2967,30): warning C4101: 'bitfield': unreferenced local variable
E:\DoomAndRedEngine\GameEngine\RoQ_video_tools_src\roq2_msvc2013\roq2_src\libim\imico.c(2961,22): warning C4101: 'vfbptr': unreferenced local variable
E:\DoomAndRedEngine\GameEngine\RoQ_video_tools_src\roq2_msvc2013\roq2_src\libim\imico.c(3283,16): warning C4018: '<': signed/unsigned mismatch
E:\DoomAndRedEngine\GameEngine\RoQ_video_tools_src\roq2_msvc2013\roq2_src\libim\imico.c(3187,12): warning C4101: 'message': unreferenced local variable
  imicon.c
E:\DoomAndRedEngine\GameEngine\RoQ_video_tools_src\roq2_msvc2013\roq2_src\libim\imicon.c(391,57): warning C4047: 'initializing': 'int' differs in levels of indirection from 'void *'
E:\DoomAndRedEngine\GameEngine\RoQ_video_tools_src\roq2_msvc2013\roq2_src\libim\imicon.c(507,38): warning C4996: 'fdopen': The POSIX name for this item is deprecated. Instead, use the ISO C and C++ conformant name: _fdopen. See online help for details.
E:\DoomAndRedEngine\GameEngine\RoQ_video_tools_src\roq2_msvc2013\roq2_src\libim\imicon.c(969,3): warning C4013: 'write' undefined; assuming extern returning int
  imiff.c
E:\DoomAndRedEngine\GameEngine\RoQ_video_tools_src\roq2_msvc2013\roq2_src\libim\imiff.c(461,57): warning C4047: 'initializing': 'int' differs in levels of indirection from 'void *'
  imipw.c
E:\DoomAndRedEngine\GameEngine\RoQ_video_tools_src\roq2_msvc2013\roq2_src\libim\imipw.c(135,57): warning C4047: 'initializing': 'int' differs in levels of indirection from 'void *'
  imjpeg.c
E:\DoomAndRedEngine\GameEngine\RoQ_video_tools_src\roq2_msvc2013\roq2_src\libim\imjpeg.c(154,57): warning C4047: 'initializing': 'int' differs in levels of indirection from 'void *'
E:\DoomAndRedEngine\GameEngine\RoQ_video_tools_src\roq2_msvc2013\roq2_src\libim\imjpeg.c(326,8): warning C4996: 'fdopen': The POSIX name for this item is deprecated. Instead, use the ISO C and C++ conformant name: _fdopen. See online help for details.
E:\DoomAndRedEngine\GameEngine\RoQ_video_tools_src\roq2_msvc2013\roq2_src\libim\imjpeg.c(488,8): warning C4996: 'fdopen': The POSIX name for this item is deprecated. Instead, use the ISO C and C++ conformant name: _fdopen. See online help for details.
  imlzw.c
  immiff.c
E:\DoomAndRedEngine\GameEngine\RoQ_video_tools_src\roq2_msvc2013\roq2_src\libim\immiff.c(567,57): warning C4047: 'initializing': 'int' differs in levels of indirection from 'void *'
E:\DoomAndRedEngine\GameEngine\RoQ_video_tools_src\roq2_msvc2013\roq2_src\libim\immiff.c(1810,11): warning C4101: 'vfbptr': unreferenced local variable
E:\DoomAndRedEngine\GameEngine\RoQ_video_tools_src\roq2_msvc2013\roq2_src\libim\immiff.c(2363,11): warning C4101: 'vfbptr': unreferenced local variable
  immpnt.c
E:\DoomAndRedEngine\GameEngine\RoQ_video_tools_src\roq2_msvc2013\roq2_src\libim\immpnt.c(363,57): warning C4047: 'initializing': 'int' differs in levels of indirection from 'void *'
E:\DoomAndRedEngine\GameEngine\RoQ_video_tools_src\roq2_msvc2013\roq2_src\libim\immpnt.c(621,21): warning C4018: '<': signed/unsigned mismatch
E:\DoomAndRedEngine\GameEngine\RoQ_video_tools_src\roq2_msvc2013\roq2_src\libim\immpnt.c(763,7): warning C4101: 'mono_threshold': unreferenced local variable
E:\DoomAndRedEngine\GameEngine\RoQ_video_tools_src\roq2_msvc2013\roq2_src\libim\immpnt.c(751,30): warning C4101: 'bitVal': unreferenced local variable
E:\DoomAndRedEngine\GameEngine\RoQ_video_tools_src\roq2_msvc2013\roq2_src\libim\immpnt.c(749,18): warning C4101: 'pPtr': unreferenced local variable
E:\DoomAndRedEngine\GameEngine\RoQ_video_tools_src\roq2_msvc2013\roq2_src\libim\immpnt.c(753,17): warning C4101: 'byteCount': unreferenced local variable
E:\DoomAndRedEngine\GameEngine\RoQ_video_tools_src\roq2_msvc2013\roq2_src\libim\immpnt.c(755,23): warning C4101: 'oldcount': unreferenced local variable
E:\DoomAndRedEngine\GameEngine\RoQ_video_tools_src\roq2_msvc2013\roq2_src\libim\immpnt.c(751,25): warning C4101: 'bit': unreferenced local variable
E:\DoomAndRedEngine\GameEngine\RoQ_video_tools_src\roq2_msvc2013\roq2_src\libim\immpnt.c(759,7): warning C4101: 'n': unreferenced local variable
  Generating Code...
  Compiling...
  impbm.c
E:\DoomAndRedEngine\GameEngine\RoQ_video_tools_src\roq2_msvc2013\roq2_src\libim\impbm.c(605,57): warning C4047: 'initializing': 'int' differs in levels of indirection from 'void *'
E:\DoomAndRedEngine\GameEngine\RoQ_video_tools_src\roq2_msvc2013\roq2_src\libim\impbm.c(944,22): warning C4244: '=': conversion from 'double' to 'float', possible loss of data
E:\DoomAndRedEngine\GameEngine\RoQ_video_tools_src\roq2_msvc2013\roq2_src\libim\impbm.c(1330,9): warning C4013: 'read' undefined; assuming extern returning int
E:\DoomAndRedEngine\GameEngine\RoQ_video_tools_src\roq2_msvc2013\roq2_src\libim\impbm.c(1622,2): warning C4013: 'write' undefined; assuming extern returning int
  impcx.c
E:\DoomAndRedEngine\GameEngine\RoQ_video_tools_src\roq2_msvc2013\roq2_src\libim\impcx.c(1251,57): warning C4047: 'initializing': 'int' differs in levels of indirection from 'void *'
E:\DoomAndRedEngine\GameEngine\RoQ_video_tools_src\roq2_msvc2013\roq2_src\libim\impcx.c(1972,23): warning C4013: 'lseek' undefined; assuming extern returning int
  impic.c
E:\DoomAndRedEngine\GameEngine\RoQ_video_tools_src\roq2_msvc2013\roq2_src\libim\impic.c(699,57): warning C4047: 'initializing': 'int' differs in levels of indirection from 'void *'
E:\DoomAndRedEngine\GameEngine\RoQ_video_tools_src\roq2_msvc2013\roq2_src\libim\impic.c(1562,4): warning C4013: 'lseek' undefined; assuming extern returning int
E:\DoomAndRedEngine\GameEngine\RoQ_video_tools_src\roq2_msvc2013\roq2_src\libim\impic.c(3044,13): warning C4244: '=': conversion from 'sdsc_uint16' to 'unsigned char', possible loss of data
E:\DoomAndRedEngine\GameEngine\RoQ_video_tools_src\roq2_msvc2013\roq2_src\libim\impic.c(3076,13): warning C4244: '=': conversion from 'sdsc_uint16' to 'unsigned char', possible loss of data
E:\DoomAndRedEngine\GameEngine\RoQ_video_tools_src\roq2_msvc2013\roq2_src\libim\impic.c(2754,8): warning C4101: 'j': unreferenced local variable
  impict.c
E:\DoomAndRedEngine\GameEngine\RoQ_video_tools_src\roq2_msvc2013\roq2_src\libim\impict.c(649,57): warning C4047: 'initializing': 'int' differs in levels of indirection from 'void *'
E:\DoomAndRedEngine\GameEngine\RoQ_video_tools_src\roq2_msvc2013\roq2_src\libim\impict.c(4157,7): warning C4101: 'msg': unreferenced local variable
E:\DoomAndRedEngine\GameEngine\RoQ_video_tools_src\roq2_msvc2013\roq2_src\libim\impict.c(8567,7): warning C4101: 'message': unreferenced local variable
E:\DoomAndRedEngine\GameEngine\RoQ_video_tools_src\roq2_msvc2013\roq2_src\libim\impict.c(8549,17): warning C4101: 'ctEnt': unreferenced local variable
E:\DoomAndRedEngine\GameEngine\RoQ_video_tools_src\roq2_msvc2013\roq2_src\libim\impict.c(8551,11): warning C4101: 'ctPtr': unreferenced local variable
  impix.c
E:\DoomAndRedEngine\GameEngine\RoQ_video_tools_src\roq2_msvc2013\roq2_src\libim\impix.c(523,57): warning C4047: 'initializing': 'int' differs in levels of indirection from 'void *'
E:\DoomAndRedEngine\GameEngine\RoQ_video_tools_src\roq2_msvc2013\roq2_src\libim\impix.c(691,19): warning C4101: 'seekPtr': unreferenced local variable
E:\DoomAndRedEngine\GameEngine\RoQ_video_tools_src\roq2_msvc2013\roq2_src\libim\impix.c(937,18): warning C4101: 'n': unreferenced local variable
E:\DoomAndRedEngine\GameEngine\RoQ_video_tools_src\roq2_msvc2013\roq2_src\libim\impix.c(1269,21): warning C4101: 'seekPtr': unreferenced local variable
E:\DoomAndRedEngine\GameEngine\RoQ_video_tools_src\roq2_msvc2013\roq2_src\libim\impix.c(1469,20): warning C4101: 'n': unreferenced local variable
  imras.c
E:\DoomAndRedEngine\GameEngine\RoQ_video_tools_src\roq2_msvc2013\roq2_src\libim\imras.c(811,57): warning C4047: 'initializing': 'int' differs in levels of indirection from 'void *'
E:\DoomAndRedEngine\GameEngine\RoQ_video_tools_src\roq2_msvc2013\roq2_src\libim\imras.c(1703,17): warning C4018: '<': signed/unsigned mismatch
E:\DoomAndRedEngine\GameEngine\RoQ_video_tools_src\roq2_msvc2013\roq2_src\libim\imras.c(1721,18): warning C4018: '<': signed/unsigned mismatch
E:\DoomAndRedEngine\GameEngine\RoQ_video_tools_src\roq2_msvc2013\roq2_src\libim\imras.c(1837,17): warning C4018: '<': signed/unsigned mismatch
E:\DoomAndRedEngine\GameEngine\RoQ_video_tools_src\roq2_msvc2013\roq2_src\libim\imras.c(1855,18): warning C4018: '<': signed/unsigned mismatch
E:\DoomAndRedEngine\GameEngine\RoQ_video_tools_src\roq2_msvc2013\roq2_src\libim\imras.c(1965,17): warning C4018: '<': signed/unsigned mismatch
E:\DoomAndRedEngine\GameEngine\RoQ_video_tools_src\roq2_msvc2013\roq2_src\libim\imras.c(1985,18): warning C4018: '<': signed/unsigned mismatch
E:\DoomAndRedEngine\GameEngine\RoQ_video_tools_src\roq2_msvc2013\roq2_src\libim\imras.c(2099,17): warning C4018: '<': signed/unsigned mismatch
E:\DoomAndRedEngine\GameEngine\RoQ_video_tools_src\roq2_msvc2013\roq2_src\libim\imras.c(2119,18): warning C4018: '<': signed/unsigned mismatch
E:\DoomAndRedEngine\GameEngine\RoQ_video_tools_src\roq2_msvc2013\roq2_src\libim\imras.c(2305,15): warning C4013: 'lseek' undefined; assuming extern returning int
E:\DoomAndRedEngine\GameEngine\RoQ_video_tools_src\roq2_msvc2013\roq2_src\libim\imras.c(2377,17): warning C4018: '>=': signed/unsigned mismatch
E:\DoomAndRedEngine\GameEngine\RoQ_video_tools_src\roq2_msvc2013\roq2_src\libim\imras.c(2399,23): warning C4018: '<=': signed/unsigned mismatch
E:\DoomAndRedEngine\GameEngine\RoQ_video_tools_src\roq2_msvc2013\roq2_src\libim\imras.c(2713,17): warning C4018: '>=': signed/unsigned mismatch
E:\DoomAndRedEngine\GameEngine\RoQ_video_tools_src\roq2_msvc2013\roq2_src\libim\imras.c(2971,17): warning C4018: '>=': signed/unsigned mismatch
E:\DoomAndRedEngine\GameEngine\RoQ_video_tools_src\roq2_msvc2013\roq2_src\libim\imras.c(3765,17): warning C4018: '<': signed/unsigned mismatch
E:\DoomAndRedEngine\GameEngine\RoQ_video_tools_src\roq2_msvc2013\roq2_src\libim\imras.c(3773,18): warning C4018: '<': signed/unsigned mismatch
E:\DoomAndRedEngine\GameEngine\RoQ_video_tools_src\roq2_msvc2013\roq2_src\libim\imras.c(3907,17): warning C4018: '<': signed/unsigned mismatch
E:\DoomAndRedEngine\GameEngine\RoQ_video_tools_src\roq2_msvc2013\roq2_src\libim\imras.c(3913,18): warning C4018: '<': signed/unsigned mismatch
E:\DoomAndRedEngine\GameEngine\RoQ_video_tools_src\roq2_msvc2013\roq2_src\libim\imras.c(4029,17): warning C4018: '<': signed/unsigned mismatch
E:\DoomAndRedEngine\GameEngine\RoQ_video_tools_src\roq2_msvc2013\roq2_src\libim\imras.c(4035,18): warning C4018: '<': signed/unsigned mismatch
E:\DoomAndRedEngine\GameEngine\RoQ_video_tools_src\roq2_msvc2013\roq2_src\libim\imras.c(4155,17): warning C4018: '<': signed/unsigned mismatch
E:\DoomAndRedEngine\GameEngine\RoQ_video_tools_src\roq2_msvc2013\roq2_src\libim\imras.c(4161,18): warning C4018: '<': signed/unsigned mismatch
E:\DoomAndRedEngine\GameEngine\RoQ_video_tools_src\roq2_msvc2013\roq2_src\libim\imras.c(4438,17): warning C4018: '<': signed/unsigned mismatch
E:\DoomAndRedEngine\GameEngine\RoQ_video_tools_src\roq2_msvc2013\roq2_src\libim\imras.c(4454,33): warning C4018: '<': signed/unsigned mismatch
E:\DoomAndRedEngine\GameEngine\RoQ_video_tools_src\roq2_msvc2013\roq2_src\libim\imras.c(4494,18): warning C4018: '<': signed/unsigned mismatch
E:\DoomAndRedEngine\GameEngine\RoQ_video_tools_src\roq2_msvc2013\roq2_src\libim\imras.c(4498,31): warning C4018: '<': signed/unsigned mismatch
E:\DoomAndRedEngine\GameEngine\RoQ_video_tools_src\roq2_msvc2013\roq2_src\libim\imras.c(4502,31): warning C4018: '<': signed/unsigned mismatch
E:\DoomAndRedEngine\GameEngine\RoQ_video_tools_src\roq2_msvc2013\roq2_src\libim\imras.c(4696,17): warning C4018: '<': signed/unsigned mismatch
E:\DoomAndRedEngine\GameEngine\RoQ_video_tools_src\roq2_msvc2013\roq2_src\libim\imras.c(4714,18): warning C4018: '<': signed/unsigned mismatch
E:\DoomAndRedEngine\GameEngine\RoQ_video_tools_src\roq2_msvc2013\roq2_src\libim\imras.c(4876,17): warning C4018: '<': signed/unsigned mismatch
E:\DoomAndRedEngine\GameEngine\RoQ_video_tools_src\roq2_msvc2013\roq2_src\libim\imras.c(4894,18): warning C4018: '<': signed/unsigned mismatch
E:\DoomAndRedEngine\GameEngine\RoQ_video_tools_src\roq2_msvc2013\roq2_src\libim\imras.c(5088,17): warning C4018: '<': signed/unsigned mismatch
E:\DoomAndRedEngine\GameEngine\RoQ_video_tools_src\roq2_msvc2013\roq2_src\libim\imras.c(5106,18): warning C4018: '<': signed/unsigned mismatch
  imrgb.c
E:\DoomAndRedEngine\GameEngine\RoQ_video_tools_src\roq2_msvc2013\roq2_src\libim\imrgb.c(893,57): warning C4047: 'initializing': 'int' differs in levels of indirection from 'void *'
E:\DoomAndRedEngine\GameEngine\RoQ_video_tools_src\roq2_msvc2013\roq2_src\libim\imrgb.c(1630,11): warning C4013: 'lseek' undefined; assuming extern returning int
E:\DoomAndRedEngine\GameEngine\RoQ_video_tools_src\roq2_msvc2013\roq2_src\libim\imrgb.c(1880,21): warning C4018: '>': signed/unsigned mismatch
E:\DoomAndRedEngine\GameEngine\RoQ_video_tools_src\roq2_msvc2013\roq2_src\libim\imrgb.c(1556,14): warning C4101: 'k': unreferenced local variable
E:\DoomAndRedEngine\GameEngine\RoQ_video_tools_src\roq2_msvc2013\roq2_src\libim\imrgb.c(2540,15): warning C4101: 'n': unreferenced local variable
E:\DoomAndRedEngine\GameEngine\RoQ_video_tools_src\roq2_msvc2013\roq2_src\libim\imrgb.c(2798,15): warning C4101: 'n': unreferenced local variable
E:\DoomAndRedEngine\GameEngine\RoQ_video_tools_src\roq2_msvc2013\roq2_src\libim\imrgb.c(3120,15): warning C4101: 'n': unreferenced local variable
  imrla.c
E:\DoomAndRedEngine\GameEngine\RoQ_video_tools_src\roq2_msvc2013\roq2_src\libim\imrla.c(693,57): warning C4047: 'initializing': 'int' differs in levels of indirection from 'void *'
E:\DoomAndRedEngine\GameEngine\RoQ_video_tools_src\roq2_msvc2013\roq2_src\libim\imrla.c(1568,3): warning C4013: 'lseek' undefined; assuming extern returning int
E:\DoomAndRedEngine\GameEngine\RoQ_video_tools_src\roq2_msvc2013\roq2_src\libim\imrla.c(1320,11): warning C4101: 'status': unreferenced local variable
E:\DoomAndRedEngine\GameEngine\RoQ_video_tools_src\roq2_msvc2013\roq2_src\libim\imrla.c(1980,17): warning C4101: 'pass': unreferenced local variable
E:\DoomAndRedEngine\GameEngine\RoQ_video_tools_src\roq2_msvc2013\roq2_src\libim\imrla.c(1944,10): warning C4101: 'dep': unreferenced local variable
  imrle.c
E:\DoomAndRedEngine\GameEngine\RoQ_video_tools_src\roq2_msvc2013\roq2_src\libim\imrle.c(663,57): warning C4047: 'initializing': 'int' differs in levels of indirection from 'void *'
E:\DoomAndRedEngine\GameEngine\RoQ_video_tools_src\roq2_msvc2013\roq2_src\libim\imrle.c(1696,4): warning C4013: 'lseek' undefined; assuming extern returning int
E:\DoomAndRedEngine\GameEngine\RoQ_video_tools_src\roq2_msvc2013\roq2_src\libim\imrle.c(1954,20): warning C4018: '<': signed/unsigned mismatch
E:\DoomAndRedEngine\GameEngine\RoQ_video_tools_src\roq2_msvc2013\roq2_src\libim\imrle.c(1968,20): warning C4018: '<': signed/unsigned mismatch
E:\DoomAndRedEngine\GameEngine\RoQ_video_tools_src\roq2_msvc2013\roq2_src\libim\imrle.c(1982,20): warning C4018: '<': signed/unsigned mismatch
E:\DoomAndRedEngine\GameEngine\RoQ_video_tools_src\roq2_msvc2013\roq2_src\libim\imrle.c(1996,20): warning C4018: '<': signed/unsigned mismatch
E:\DoomAndRedEngine\GameEngine\RoQ_video_tools_src\roq2_msvc2013\roq2_src\libim\imrle.c(2010,20): warning C4018: '<': signed/unsigned mismatch
E:\DoomAndRedEngine\GameEngine\RoQ_video_tools_src\roq2_msvc2013\roq2_src\libim\imrle.c(2058,20): warning C4018: '<': signed/unsigned mismatch
E:\DoomAndRedEngine\GameEngine\RoQ_video_tools_src\roq2_msvc2013\roq2_src\libim\imrle.c(2072,20): warning C4018: '<': signed/unsigned mismatch
E:\DoomAndRedEngine\GameEngine\RoQ_video_tools_src\roq2_msvc2013\roq2_src\libim\imrle.c(2086,20): warning C4018: '<': signed/unsigned mismatch
E:\DoomAndRedEngine\GameEngine\RoQ_video_tools_src\roq2_msvc2013\roq2_src\libim\imrle.c(2100,20): warning C4018: '<': signed/unsigned mismatch
E:\DoomAndRedEngine\GameEngine\RoQ_video_tools_src\roq2_msvc2013\roq2_src\libim\imrle.c(2114,20): warning C4018: '<': signed/unsigned mismatch
E:\DoomAndRedEngine\GameEngine\RoQ_video_tools_src\roq2_msvc2013\roq2_src\libim\imrle.c(2436,12): warning C4101: 'pLitPixel': unreferenced local variable
  imschemes.c
  imsoftimage.c
E:\DoomAndRedEngine\GameEngine\RoQ_video_tools_src\roq2_msvc2013\roq2_src\libim\imsoftimage.c(527,57): warning C4047: 'initializing': 'int' differs in levels of indirection from 'void *'
E:\DoomAndRedEngine\GameEngine\RoQ_video_tools_src\roq2_msvc2013\roq2_src\libim\imsoftimage.c(902,12): warning C4018: '<': signed/unsigned mismatch
E:\DoomAndRedEngine\GameEngine\RoQ_video_tools_src\roq2_msvc2013\roq2_src\libim\imsoftimage.c(1090,20): warning C4018: '<': signed/unsigned mismatch
E:\DoomAndRedEngine\GameEngine\RoQ_video_tools_src\roq2_msvc2013\roq2_src\libim\imsoftimage.c(1224,20): warning C4018: '<': signed/unsigned mismatch
E:\DoomAndRedEngine\GameEngine\RoQ_video_tools_src\roq2_msvc2013\roq2_src\libim\imsoftimage.c(1677,20): warning C4101: 'header': unreferenced local variable
E:\DoomAndRedEngine\GameEngine\RoQ_video_tools_src\roq2_msvc2013\roq2_src\libim\imsoftimage.c(1777,20): warning C4101: 'header': unreferenced local variable
E:\DoomAndRedEngine\GameEngine\RoQ_video_tools_src\roq2_msvc2013\roq2_src\libim\imsoftimage.c(2305,20): warning C4101: 'header': unreferenced local variable
E:\DoomAndRedEngine\GameEngine\RoQ_video_tools_src\roq2_msvc2013\roq2_src\libim\imsoftimage.c(2425,20): warning C4101: 'header': unreferenced local variable
E:\DoomAndRedEngine\GameEngine\RoQ_video_tools_src\roq2_msvc2013\roq2_src\libim\imsoftimage.c(2575,25): warning C4305: '=': truncation from 'double' to 'float'
  imsynu.c
E:\DoomAndRedEngine\GameEngine\RoQ_video_tools_src\roq2_msvc2013\roq2_src\libim\imsynu.c(465,57): warning C4047: 'initializing': 'int' differs in levels of indirection from 'void *'
  imtga.c
E:\DoomAndRedEngine\GameEngine\RoQ_video_tools_src\roq2_msvc2013\roq2_src\libim\imtga.c(1201,11): warning C4101: 'pPixel': unreferenced local variable
E:\DoomAndRedEngine\GameEngine\RoQ_video_tools_src\roq2_msvc2013\roq2_src\libim\imtga.c(1215,19): warning C4101: 'y': unreferenced local variable
E:\DoomAndRedEngine\GameEngine\RoQ_video_tools_src\roq2_msvc2013\roq2_src\libim\imtga.c(1215,17): warning C4101: 'x': unreferenced local variable
E:\DoomAndRedEngine\GameEngine\RoQ_video_tools_src\roq2_msvc2013\roq2_src\libim\imtga.c(1199,17): warning C4101: 'pBuffer': unreferenced local variable
E:\DoomAndRedEngine\GameEngine\RoQ_video_tools_src\roq2_msvc2013\roq2_src\libim\imtga.c(2379,18): warning C4244: '=': conversion from 'sdsc_uint16' to 'unsigned char', possible loss of data
E:\DoomAndRedEngine\GameEngine\RoQ_video_tools_src\roq2_msvc2013\roq2_src\libim\imtga.c(2219,8): warning C4101: 'x': unreferenced local variable
E:\DoomAndRedEngine\GameEngine\RoQ_video_tools_src\roq2_msvc2013\roq2_src\libim\imtga.c(2541,10): warning C4101: 'expgreen': unreferenced local variable
E:\DoomAndRedEngine\GameEngine\RoQ_video_tools_src\roq2_msvc2013\roq2_src\libim\imtga.c(2537,6): warning C4101: 'expatr': unreferenced local variable
E:\DoomAndRedEngine\GameEngine\RoQ_video_tools_src\roq2_msvc2013\roq2_src\libim\imtga.c(2539,10): warning C4101: 'expred': unreferenced local variable
E:\DoomAndRedEngine\GameEngine\RoQ_video_tools_src\roq2_msvc2013\roq2_src\libim\imtga.c(2521,8): warning C4101: 'x': unreferenced local variable
E:\DoomAndRedEngine\GameEngine\RoQ_video_tools_src\roq2_msvc2013\roq2_src\libim\imtga.c(2545,6): warning C4101: 'exptemp': unreferenced local variable
E:\DoomAndRedEngine\GameEngine\RoQ_video_tools_src\roq2_msvc2013\roq2_src\libim\imtga.c(2543,10): warning C4101: 'expblue': unreferenced local variable
E:\DoomAndRedEngine\GameEngine\RoQ_video_tools_src\roq2_msvc2013\roq2_src\libim\imtga.c(3067,19): warning C4101: 'header': unreferenced local variable
E:\DoomAndRedEngine\GameEngine\RoQ_video_tools_src\roq2_msvc2013\roq2_src\libim\imtga.c(3075,15): warning C4101: 'tagEntry': unreferenced local variable
E:\DoomAndRedEngine\GameEngine\RoQ_video_tools_src\roq2_msvc2013\roq2_src\libim\imtga.c(3073,15): warning C4101: 'n': unreferenced local variable
E:\DoomAndRedEngine\GameEngine\RoQ_video_tools_src\roq2_msvc2013\roq2_src\libim\imtga.c(3077,12): warning C4101: 'tmpString': unreferenced local variable
E:\DoomAndRedEngine\GameEngine\RoQ_video_tools_src\roq2_msvc2013\roq2_src\libim\imtga.c(3217,19): warning C4101: 'header': unreferenced local variable
E:\DoomAndRedEngine\GameEngine\RoQ_video_tools_src\roq2_msvc2013\roq2_src\libim\imtga.c(3219,15): warning C4101: 'tagEntry': unreferenced local variable
E:\DoomAndRedEngine\GameEngine\RoQ_video_tools_src\roq2_msvc2013\roq2_src\libim\imtga.c(3215,15): warning C4101: 'vfbptr': unreferenced local variable
E:\DoomAndRedEngine\GameEngine\RoQ_video_tools_src\roq2_msvc2013\roq2_src\libim\imtga.c(3495,19): warning C4101: 'header': unreferenced local variable
E:\DoomAndRedEngine\GameEngine\RoQ_video_tools_src\roq2_msvc2013\roq2_src\libim\imtga.c(3503,15): warning C4101: 'tagEntry': unreferenced local variable
E:\DoomAndRedEngine\GameEngine\RoQ_video_tools_src\roq2_msvc2013\roq2_src\libim\imtga.c(3501,15): warning C4101: 'n': unreferenced local variable
E:\DoomAndRedEngine\GameEngine\RoQ_video_tools_src\roq2_msvc2013\roq2_src\libim\imtga.c(3505,12): warning C4101: 'tmpString': unreferenced local variable
E:\DoomAndRedEngine\GameEngine\RoQ_video_tools_src\roq2_msvc2013\roq2_src\libim\imtga.c(3649,19): warning C4101: 'header': unreferenced local variable
E:\DoomAndRedEngine\GameEngine\RoQ_video_tools_src\roq2_msvc2013\roq2_src\libim\imtga.c(3651,15): warning C4101: 'tagEntry': unreferenced local variable
E:\DoomAndRedEngine\GameEngine\RoQ_video_tools_src\roq2_msvc2013\roq2_src\libim\imtga.c(3647,15): warning C4101: 'pptr': unreferenced local variable
E:\DoomAndRedEngine\GameEngine\RoQ_video_tools_src\roq2_msvc2013\roq2_src\libim\imtga.c(3955,15): warning C4101: 'tagEntry': unreferenced local variable
E:\DoomAndRedEngine\GameEngine\RoQ_video_tools_src\roq2_msvc2013\roq2_src\libim\imtga.c(4029,19): warning C4101: 'header': unreferenced local variable
E:\DoomAndRedEngine\GameEngine\RoQ_video_tools_src\roq2_msvc2013\roq2_src\libim\imtga.c(4037,15): warning C4101: 'tagEntry': unreferenced local variable
E:\DoomAndRedEngine\GameEngine\RoQ_video_tools_src\roq2_msvc2013\roq2_src\libim\imtga.c(4231,14): warning C4101: 'stype': unreferenced local variable
E:\DoomAndRedEngine\GameEngine\RoQ_video_tools_src\roq2_msvc2013\roq2_src\libim\imtga.c(4227,19): warning C4101: 'header': unreferenced local variable
E:\DoomAndRedEngine\GameEngine\RoQ_video_tools_src\roq2_msvc2013\roq2_src\libim\imtga.c(4229,15): warning C4101: 'tagEntry': unreferenced local variable
E:\DoomAndRedEngine\GameEngine\RoQ_video_tools_src\roq2_msvc2013\roq2_src\libim\imtga.c(4233,21): warning C4101: 'spix': unreferenced local variable
E:\DoomAndRedEngine\GameEngine\RoQ_video_tools_src\roq2_msvc2013\roq2_src\libim\imtga.c(4235,21): warning C4101: 'cmsize': unreferenced local variable
E:\DoomAndRedEngine\GameEngine\RoQ_video_tools_src\roq2_msvc2013\roq2_src\libim\imtga.c(4225,15): warning C4101: 'vfbPtr': unreferenced local variable
E:\DoomAndRedEngine\GameEngine\RoQ_video_tools_src\roq2_msvc2013\roq2_src\libim\imtga.c(4537,19): warning C4101: 'header': unreferenced local variable
E:\DoomAndRedEngine\GameEngine\RoQ_video_tools_src\roq2_msvc2013\roq2_src\libim\imtga.c(4545,15): warning C4101: 'tagEntry': unreferenced local variable
E:\DoomAndRedEngine\GameEngine\RoQ_video_tools_src\roq2_msvc2013\roq2_src\libim\imtga.c(4749,14): warning C4101: 'stype': unreferenced local variable
E:\DoomAndRedEngine\GameEngine\RoQ_video_tools_src\roq2_msvc2013\roq2_src\libim\imtga.c(4747,15): warning C4101: 'tagEntry': unreferenced local variable
E:\DoomAndRedEngine\GameEngine\RoQ_video_tools_src\roq2_msvc2013\roq2_src\libim\imtga.c(4751,21): warning C4101: 'spix': unreferenced local variable
E:\DoomAndRedEngine\GameEngine\RoQ_video_tools_src\roq2_msvc2013\roq2_src\libim\imtga.c(4753,21): warning C4101: 'cmsize': unreferenced local variable
E:\DoomAndRedEngine\GameEngine\RoQ_video_tools_src\roq2_msvc2013\roq2_src\libim\imtga.c(4745,15): warning C4101: 'vfbPtr': unreferenced local variable
E:\DoomAndRedEngine\GameEngine\RoQ_video_tools_src\roq2_msvc2013\roq2_src\libim\imtga.c(4989,19): warning C4101: 'header': unreferenced local variable
E:\DoomAndRedEngine\GameEngine\RoQ_video_tools_src\roq2_msvc2013\roq2_src\libim\imtga.c(4997,15): warning C4101: 'tagEntry': unreferenced local variable
E:\DoomAndRedEngine\GameEngine\RoQ_video_tools_src\roq2_msvc2013\roq2_src\libim\imtga.c(4995,15): warning C4101: 'n': unreferenced local variable
E:\DoomAndRedEngine\GameEngine\RoQ_video_tools_src\roq2_msvc2013\roq2_src\libim\imtga.c(4999,12): warning C4101: 'tmpString': unreferenced local variable
E:\DoomAndRedEngine\GameEngine\RoQ_video_tools_src\roq2_msvc2013\roq2_src\libim\imtga.c(5207,26): warning C4101: 'byte2': unreferenced local variable
E:\DoomAndRedEngine\GameEngine\RoQ_video_tools_src\roq2_msvc2013\roq2_src\libim\imtga.c(5159,19): warning C4101: 'header': unreferenced local variable
E:\DoomAndRedEngine\GameEngine\RoQ_video_tools_src\roq2_msvc2013\roq2_src\libim\imtga.c(5171,15): warning C4101: 'tagEntry': unreferenced local variable
E:\DoomAndRedEngine\GameEngine\RoQ_video_tools_src\roq2_msvc2013\roq2_src\libim\imtga.c(5169,23): warning C4101: 'j': unreferenced local variable
E:\DoomAndRedEngine\GameEngine\RoQ_video_tools_src\roq2_msvc2013\roq2_src\libim\imtga.c(5169,21): warning C4101: 'i': unreferenced local variable
E:\DoomAndRedEngine\GameEngine\RoQ_video_tools_src\roq2_msvc2013\roq2_src\libim\imtga.c(5169,15): warning C4101: 'n': unreferenced local variable
E:\DoomAndRedEngine\GameEngine\RoQ_video_tools_src\roq2_msvc2013\roq2_src\libim\imtga.c(5173,12): warning C4101: 'tmpString': unreferenced local variable
E:\DoomAndRedEngine\GameEngine\RoQ_video_tools_src\roq2_msvc2013\roq2_src\libim\imtga.c(5895,15): warning C4101: 'pptr': unreferenced local variable
E:\DoomAndRedEngine\GameEngine\RoQ_video_tools_src\roq2_msvc2013\roq2_src\libim\imtga.c(5907,19): warning C4101: 'y': unreferenced local variable
E:\DoomAndRedEngine\GameEngine\RoQ_video_tools_src\roq2_msvc2013\roq2_src\libim\imtga.c(5907,21): warning C4101: 'i': unreferenced local variable
E:\DoomAndRedEngine\GameEngine\RoQ_video_tools_src\roq2_msvc2013\roq2_src\libim\imtga.c(5907,17): warning C4101: 'x': unreferenced local variable
E:\DoomAndRedEngine\GameEngine\RoQ_video_tools_src\roq2_msvc2013\roq2_src\libim\imtga.c(5907,15): warning C4101: 'n': unreferenced local variable
  imtiff.c
E:\DoomAndRedEngine\GameEngine\RoQ_video_tools_src\roq2_msvc2013\roq2_src\libim\imtiff.c(1353,57): warning C4047: 'initializing': 'int' differs in levels of indirection from 'void *'
E:\DoomAndRedEngine\GameEngine\RoQ_video_tools_src\roq2_msvc2013\roq2_src\libim\imtiff.c(2985,18): warning C4101: 'fileBuf': unreferenced local variable
E:\DoomAndRedEngine\GameEngine\RoQ_video_tools_src\roq2_msvc2013\roq2_src\libim\imtiff.c(3729,3): warning C4013: 'lseek' undefined; assuming extern returning int
E:\DoomAndRedEngine\GameEngine\RoQ_video_tools_src\roq2_msvc2013\roq2_src\libim\imtiff.c(3999,18): warning C4101: 'bits': unreferenced local variable
E:\DoomAndRedEngine\GameEngine\RoQ_video_tools_src\roq2_msvc2013\roq2_src\libim\imtiff.c(4009,10): warning C4101: 'depth': unreferenced local variable
E:\DoomAndRedEngine\GameEngine\RoQ_video_tools_src\roq2_msvc2013\roq2_src\libim\imtiff.c(4007,10): warning C4101: 'c': unreferenced local variable
E:\DoomAndRedEngine\GameEngine\RoQ_video_tools_src\roq2_msvc2013\roq2_src\libim\imtiff.c(4007,12): warning C4101: 't': unreferenced local variable
E:\DoomAndRedEngine\GameEngine\RoQ_video_tools_src\roq2_msvc2013\roq2_src\libim\imtiff.c(4869,13): warning C4018: '>': signed/unsigned mismatch
E:\DoomAndRedEngine\GameEngine\RoQ_video_tools_src\roq2_msvc2013\roq2_src\libim\imtiff.c(4985,19): warning C4018: '<': signed/unsigned mismatch
E:\DoomAndRedEngine\GameEngine\RoQ_video_tools_src\roq2_msvc2013\roq2_src\libim\imtiff.c(5167,13): warning C4018: '>': signed/unsigned mismatch
E:\DoomAndRedEngine\GameEngine\RoQ_video_tools_src\roq2_msvc2013\roq2_src\libim\imtiff.c(5077,8): warning C4101: 'shift': unreferenced local variable
E:\DoomAndRedEngine\GameEngine\RoQ_video_tools_src\roq2_msvc2013\roq2_src\libim\imtiff.c(5453,13): warning C4018: '>': signed/unsigned mismatch
E:\DoomAndRedEngine\GameEngine\RoQ_video_tools_src\roq2_msvc2013\roq2_src\libim\imtiff.c(5721,13): warning C4018: '>': signed/unsigned mismatch
E:\DoomAndRedEngine\GameEngine\RoQ_video_tools_src\roq2_msvc2013\roq2_src\libim\imtiff.c(6065,13): warning C4018: '>': signed/unsigned mismatch
E:\DoomAndRedEngine\GameEngine\RoQ_video_tools_src\roq2_msvc2013\roq2_src\libim\imtiff.c(6427,14): warning C4018: '>': signed/unsigned mismatch
E:\DoomAndRedEngine\GameEngine\RoQ_video_tools_src\roq2_msvc2013\roq2_src\libim\imtiff.c(6745,19): warning C4018: '<': signed/unsigned mismatch
E:\DoomAndRedEngine\GameEngine\RoQ_video_tools_src\roq2_msvc2013\roq2_src\libim\imtiff.c(6771,19): warning C4018: '<': signed/unsigned mismatch
E:\DoomAndRedEngine\GameEngine\RoQ_video_tools_src\roq2_msvc2013\roq2_src\libim\imtiff.c(6883,25): warning C4101: 'clt': unreferenced local variable
E:\DoomAndRedEngine\GameEngine\RoQ_video_tools_src\roq2_msvc2013\roq2_src\libim\imtiff.c(6897,7): warning C4101: 'flags': unreferenced local variable
E:\DoomAndRedEngine\GameEngine\RoQ_video_tools_src\roq2_msvc2013\roq2_src\libim\imtiff.c(7085,8): warning C4101: 'pixcnt': unreferenced local variable
E:\DoomAndRedEngine\GameEngine\RoQ_video_tools_src\roq2_msvc2013\roq2_src\libim\imtiff.c(7121,17): warning C4101: 'rip': unreferenced local variable
E:\DoomAndRedEngine\GameEngine\RoQ_video_tools_src\roq2_msvc2013\roq2_src\libim\imtiff.c(7079,8): warning C4101: 'junk': unreferenced local variable
  imvfb.c
E:\DoomAndRedEngine\GameEngine\RoQ_video_tools_src\roq2_msvc2013\roq2_src\libim\imvfb.c(788,16): warning C4244: '=': conversion from 'double' to 'float', possible loss of data
E:\DoomAndRedEngine\GameEngine\RoQ_video_tools_src\roq2_msvc2013\roq2_src\libim\imvfb.c(1169,13): warning C4244: '=': conversion from 'double' to 'float', possible loss of data
E:\DoomAndRedEngine\GameEngine\RoQ_video_tools_src\roq2_msvc2013\roq2_src\libim\imvfb.c(1191,13): warning C4244: '=': conversion from 'double' to 'float', possible loss of data
E:\DoomAndRedEngine\GameEngine\RoQ_video_tools_src\roq2_msvc2013\roq2_src\libim\imvfb.c(1196,13): warning C4244: '=': conversion from 'double' to 'float', possible loss of data
E:\DoomAndRedEngine\GameEngine\RoQ_video_tools_src\roq2_msvc2013\roq2_src\libim\imvfb.c(1204,17): warning C4244: '=': conversion from 'double' to 'float', possible loss of data
E:\DoomAndRedEngine\GameEngine\RoQ_video_tools_src\roq2_msvc2013\roq2_src\libim\imvfb.c(1209,13): warning C4244: '=': conversion from 'double' to 'float', possible loss of data
E:\DoomAndRedEngine\GameEngine\RoQ_video_tools_src\roq2_msvc2013\roq2_src\libim\imvfb.c(1214,17): warning C4244: '=': conversion from 'double' to 'float', possible loss of data
E:\DoomAndRedEngine\GameEngine\RoQ_video_tools_src\roq2_msvc2013\roq2_src\libim\imvfb.c(1222,13): warning C4244: '=': conversion from 'double' to 'float', possible loss of data
E:\DoomAndRedEngine\GameEngine\RoQ_video_tools_src\roq2_msvc2013\roq2_src\libim\imvfb.c(1228,12): warning C4244: '=': conversion from 'double' to 'float', possible loss of data
E:\DoomAndRedEngine\GameEngine\RoQ_video_tools_src\roq2_msvc2013\roq2_src\libim\imvfb.c(1230,11): warning C4244: '=': conversion from 'double' to 'float', possible loss of data
E:\DoomAndRedEngine\GameEngine\RoQ_video_tools_src\roq2_msvc2013\roq2_src\libim\imvfb.c(1232,19): warning C4244: '=': conversion from 'double' to 'float', possible loss of data
E:\DoomAndRedEngine\GameEngine\RoQ_video_tools_src\roq2_msvc2013\roq2_src\libim\imvfb.c(1235,12): warning C4244: '=': conversion from 'double' to 'float', possible loss of data
E:\DoomAndRedEngine\GameEngine\RoQ_video_tools_src\roq2_msvc2013\roq2_src\libim\imvfb.c(1237,11): warning C4244: '=': conversion from 'double' to 'float', possible loss of data
E:\DoomAndRedEngine\GameEngine\RoQ_video_tools_src\roq2_msvc2013\roq2_src\libim\imvfb.c(1239,19): warning C4244: '=': conversion from 'double' to 'float', possible loss of data
E:\DoomAndRedEngine\GameEngine\RoQ_video_tools_src\roq2_msvc2013\roq2_src\libim\imvfb.c(1242,12): warning C4244: '=': conversion from 'double' to 'float', possible loss of data
E:\DoomAndRedEngine\GameEngine\RoQ_video_tools_src\roq2_msvc2013\roq2_src\libim\imvfb.c(1244,11): warning C4244: '=': conversion from 'double' to 'float', possible loss of data
E:\DoomAndRedEngine\GameEngine\RoQ_video_tools_src\roq2_msvc2013\roq2_src\libim\imvfb.c(1246,19): warning C4244: '=': conversion from 'double' to 'float', possible loss of data
E:\DoomAndRedEngine\GameEngine\RoQ_video_tools_src\roq2_msvc2013\roq2_src\libim\imvfb.c(1323,28): warning C4244: '=': conversion from 'double' to 'float', possible loss of data
E:\DoomAndRedEngine\GameEngine\RoQ_video_tools_src\roq2_msvc2013\roq2_src\libim\imvfb.c(1328,14): warning C4244: '=': conversion from 'double' to 'float', possible loss of data
E:\DoomAndRedEngine\GameEngine\RoQ_video_tools_src\roq2_msvc2013\roq2_src\libim\imvfb.c(1343,18): warning C4244: '=': conversion from 'double' to 'float', possible loss of data
E:\DoomAndRedEngine\GameEngine\RoQ_video_tools_src\roq2_msvc2013\roq2_src\libim\imvfb.c(1345,18): warning C4244: '=': conversion from 'double' to 'float', possible loss of data
E:\DoomAndRedEngine\GameEngine\RoQ_video_tools_src\roq2_msvc2013\roq2_src\libim\imvfb.c(1749,18): warning C4244: '=': conversion from 'double' to 'float', possible loss of data
E:\DoomAndRedEngine\GameEngine\RoQ_video_tools_src\roq2_msvc2013\roq2_src\libim\imvfb.c(1762,18): warning C4244: '=': conversion from 'double' to 'float', possible loss of data
E:\DoomAndRedEngine\GameEngine\RoQ_video_tools_src\roq2_msvc2013\roq2_src\libim\imvfb.c(1890,21): warning C4244: '=': conversion from 'double' to 'float', possible loss of data
E:\DoomAndRedEngine\GameEngine\RoQ_video_tools_src\roq2_msvc2013\roq2_src\libim\imvfb.c(1898,14): warning C4244: '+=': conversion from 'double' to 'float', possible loss of data
E:\DoomAndRedEngine\GameEngine\RoQ_video_tools_src\roq2_msvc2013\roq2_src\libim\imvfb.c(1906,14): warning C4244: '+=': conversion from 'double' to 'float', possible loss of data
E:\DoomAndRedEngine\GameEngine\RoQ_video_tools_src\roq2_msvc2013\roq2_src\libim\imvfb.c(1914,14): warning C4244: '+=': conversion from 'double' to 'float', possible loss of data
E:\DoomAndRedEngine\GameEngine\RoQ_video_tools_src\roq2_msvc2013\roq2_src\libim\imvfb.c(1922,14): warning C4244: '+=': conversion from 'double' to 'float', possible loss of data
E:\DoomAndRedEngine\GameEngine\RoQ_video_tools_src\roq2_msvc2013\roq2_src\libim\imvfb.c(1930,14): warning C4244: '+=': conversion from 'double' to 'float', possible loss of data
E:\DoomAndRedEngine\GameEngine\RoQ_video_tools_src\roq2_msvc2013\roq2_src\libim\imvfb.c(1938,14): warning C4244: '+=': conversion from 'double' to 'float', possible loss of data
E:\DoomAndRedEngine\GameEngine\RoQ_video_tools_src\roq2_msvc2013\roq2_src\libim\imvfb.c(1962,14): warning C4244: '+=': conversion from 'double' to 'float', possible loss of data
E:\DoomAndRedEngine\GameEngine\RoQ_video_tools_src\roq2_msvc2013\roq2_src\libim\imvfb.c(1970,14): warning C4244: '+=': conversion from 'double' to 'float', possible loss of data
E:\DoomAndRedEngine\GameEngine\RoQ_video_tools_src\roq2_msvc2013\roq2_src\libim\imvfb.c(1978,14): warning C4244: '+=': conversion from 'double' to 'float', possible loss of data
E:\DoomAndRedEngine\GameEngine\RoQ_video_tools_src\roq2_msvc2013\roq2_src\libim\imvfb.c(1986,14): warning C4244: '+=': conversion from 'double' to 'float', possible loss of data
E:\DoomAndRedEngine\GameEngine\RoQ_video_tools_src\roq2_msvc2013\roq2_src\libim\imvfb.c(1994,14): warning C4244: '+=': conversion from 'double' to 'float', possible loss of data
E:\DoomAndRedEngine\GameEngine\RoQ_video_tools_src\roq2_msvc2013\roq2_src\libim\imvfb.c(2002,14): warning C4244: '+=': conversion from 'double' to 'float', possible loss of data
  imvfbadjust.c
E:\DoomAndRedEngine\GameEngine\RoQ_video_tools_src\roq2_msvc2013\roq2_src\libim\imvfbadjust.c(678,13): warning C4244: '=': conversion from 'double' to 'float', possible loss of data
E:\DoomAndRedEngine\GameEngine\RoQ_video_tools_src\roq2_msvc2013\roq2_src\libim\imvfbadjust.c(680,13): warning C4244: '=': conversion from 'double' to 'float', possible loss of data
E:\DoomAndRedEngine\GameEngine\RoQ_video_tools_src\roq2_msvc2013\roq2_src\libim\imvfbadjust.c(688,13): warning C4244: '=': conversion from 'double' to 'float', possible loss of data
E:\DoomAndRedEngine\GameEngine\RoQ_video_tools_src\roq2_msvc2013\roq2_src\libim\imvfbadjust.c(690,13): warning C4244: '=': conversion from 'double' to 'float', possible loss of data
E:\DoomAndRedEngine\GameEngine\RoQ_video_tools_src\roq2_msvc2013\roq2_src\libim\imvfbadjust.c(698,16): warning C4244: '=': conversion from 'double' to 'float', possible loss of data
E:\DoomAndRedEngine\GameEngine\RoQ_video_tools_src\roq2_msvc2013\roq2_src\libim\imvfbadjust.c(700,16): warning C4244: '=': conversion from 'double' to 'float', possible loss of data
E:\DoomAndRedEngine\GameEngine\RoQ_video_tools_src\roq2_msvc2013\roq2_src\libim\imvfbadjust.c(708,16): warning C4244: '=': conversion from 'double' to 'float', possible loss of data
E:\DoomAndRedEngine\GameEngine\RoQ_video_tools_src\roq2_msvc2013\roq2_src\libim\imvfbadjust.c(710,16): warning C4244: '=': conversion from 'double' to 'float', possible loss of data
E:\DoomAndRedEngine\GameEngine\RoQ_video_tools_src\roq2_msvc2013\roq2_src\libim\imvfbadjust.c(1282,38): warning C4244: '=': conversion from 'double' to 'float', possible loss of data
E:\DoomAndRedEngine\GameEngine\RoQ_video_tools_src\roq2_msvc2013\roq2_src\libim\imvfbadjust.c(1440,12): warning C4244: '=': conversion from 'int' to 'float', possible loss of data
E:\DoomAndRedEngine\GameEngine\RoQ_video_tools_src\roq2_msvc2013\roq2_src\libim\imvfbadjust.c(1446,12): warning C4244: '=': conversion from 'int' to 'float', possible loss of data
E:\DoomAndRedEngine\GameEngine\RoQ_video_tools_src\roq2_msvc2013\roq2_src\libim\imvfbadjust.c(1450,13): warning C4244: '=': conversion from 'int' to 'float', possible loss of data
E:\DoomAndRedEngine\GameEngine\RoQ_video_tools_src\roq2_msvc2013\roq2_src\libim\imvfbadjust.c(1460,13): warning C4244: '=': conversion from 'int' to 'float', possible loss of data
E:\DoomAndRedEngine\GameEngine\RoQ_video_tools_src\roq2_msvc2013\roq2_src\libim\imvfbadjust.c(1470,39): warning C4244: '=': conversion from 'int' to 'float', possible loss of data
E:\DoomAndRedEngine\GameEngine\RoQ_video_tools_src\roq2_msvc2013\roq2_src\libim\imvfbadjust.c(1488,12): warning C4244: '=': conversion from 'int' to 'float', possible loss of data
E:\DoomAndRedEngine\GameEngine\RoQ_video_tools_src\roq2_msvc2013\roq2_src\libim\imvfbadjust.c(1494,12): warning C4244: '=': conversion from 'int' to 'float', possible loss of data
E:\DoomAndRedEngine\GameEngine\RoQ_video_tools_src\roq2_msvc2013\roq2_src\libim\imvfbadjust.c(1498,13): warning C4244: '=': conversion from 'int' to 'float', possible loss of data
E:\DoomAndRedEngine\GameEngine\RoQ_video_tools_src\roq2_msvc2013\roq2_src\libim\imvfbadjust.c(1508,13): warning C4244: '=': conversion from 'int' to 'float', possible loss of data
E:\DoomAndRedEngine\GameEngine\RoQ_video_tools_src\roq2_msvc2013\roq2_src\libim\imvfbadjust.c(1518,39): warning C4244: '=': conversion from 'int' to 'float', possible loss of data
E:\DoomAndRedEngine\GameEngine\RoQ_video_tools_src\roq2_msvc2013\roq2_src\libim\imvfbadjust.c(1536,12): warning C4244: '=': conversion from 'int' to 'float', possible loss of data
E:\DoomAndRedEngine\GameEngine\RoQ_video_tools_src\roq2_msvc2013\roq2_src\libim\imvfbadjust.c(1542,12): warning C4244: '=': conversion from 'int' to 'float', possible loss of data
E:\DoomAndRedEngine\GameEngine\RoQ_video_tools_src\roq2_msvc2013\roq2_src\libim\imvfbadjust.c(1546,13): warning C4244: '=': conversion from 'int' to 'float', possible loss of data
E:\DoomAndRedEngine\GameEngine\RoQ_video_tools_src\roq2_msvc2013\roq2_src\libim\imvfbadjust.c(1556,13): warning C4244: '=': conversion from 'int' to 'float', possible loss of data
E:\DoomAndRedEngine\GameEngine\RoQ_video_tools_src\roq2_msvc2013\roq2_src\libim\imvfbadjust.c(1566,39): warning C4244: '=': conversion from 'int' to 'float', possible loss of data
E:\DoomAndRedEngine\GameEngine\RoQ_video_tools_src\roq2_msvc2013\roq2_src\libim\imvfbadjust.c(1576,15): warning C4244: '=': conversion from 'int' to 'float', possible loss of data
E:\DoomAndRedEngine\GameEngine\RoQ_video_tools_src\roq2_msvc2013\roq2_src\libim\imvfbadjust.c(1588,15): warning C4244: '=': conversion from 'int' to 'float', possible loss of data
E:\DoomAndRedEngine\GameEngine\RoQ_video_tools_src\roq2_msvc2013\roq2_src\libim\imvfbadjust.c(1594,15): warning C4244: '=': conversion from 'int' to 'float', possible loss of data
E:\DoomAndRedEngine\GameEngine\RoQ_video_tools_src\roq2_msvc2013\roq2_src\libim\imvfbadjust.c(1600,15): warning C4244: '=': conversion from 'int' to 'float', possible loss of data
E:\DoomAndRedEngine\GameEngine\RoQ_video_tools_src\roq2_msvc2013\roq2_src\libim\imvfbadjust.c(1606,15): warning C4244: '=': conversion from 'int' to 'float', possible loss of data
E:\DoomAndRedEngine\GameEngine\RoQ_video_tools_src\roq2_msvc2013\roq2_src\libim\imvfbadjust.c(1612,15): warning C4244: '=': conversion from 'int' to 'float', possible loss of data
E:\DoomAndRedEngine\GameEngine\RoQ_video_tools_src\roq2_msvc2013\roq2_src\libim\imvfbadjust.c(1646,12): warning C4244: '=': conversion from 'int' to 'float', possible loss of data
E:\DoomAndRedEngine\GameEngine\RoQ_video_tools_src\roq2_msvc2013\roq2_src\libim\imvfbadjust.c(1706,39): warning C4244: '=': conversion from 'int' to 'float', possible loss of data
E:\DoomAndRedEngine\GameEngine\RoQ_video_tools_src\roq2_msvc2013\roq2_src\libim\imvfbadjust.c(1756,23): warning C4244: '=': conversion from 'double' to 'float', possible loss of data
E:\DoomAndRedEngine\GameEngine\RoQ_video_tools_src\roq2_msvc2013\roq2_src\libim\imvfbadjust.c(1768,4): warning C4244: '=': conversion from 'int' to 'float', possible loss of data
E:\DoomAndRedEngine\GameEngine\RoQ_video_tools_src\roq2_msvc2013\roq2_src\libim\imvfbadjust.c(1774,4): warning C4244: '=': conversion from 'int' to 'float', possible loss of data
E:\DoomAndRedEngine\GameEngine\RoQ_video_tools_src\roq2_msvc2013\roq2_src\libim\imvfbadjust.c(1780,4): warning C4244: '=': conversion from 'int' to 'float', possible loss of data
E:\DoomAndRedEngine\GameEngine\RoQ_video_tools_src\roq2_msvc2013\roq2_src\libim\imvfbadjust.c(1786,4): warning C4244: '=': conversion from 'int' to 'float', possible loss of data
E:\DoomAndRedEngine\GameEngine\RoQ_video_tools_src\roq2_msvc2013\roq2_src\libim\imvfbadjust.c(1792,4): warning C4244: '=': conversion from 'int' to 'float', possible loss of data
  imvfbchan.c
E:\DoomAndRedEngine\GameEngine\RoQ_video_tools_src\roq2_msvc2013\roq2_src\libim\imvfbchan.c(493,19): warning C4047: '!=': 'int' differs in levels of indirection from 'void *'
E:\DoomAndRedEngine\GameEngine\RoQ_video_tools_src\roq2_msvc2013\roq2_src\libim\imvfbchan.c(545,23): warning C4047: '==': 'int' differs in levels of indirection from 'void *'
  imvfbcomp.c
E:\DoomAndRedEngine\GameEngine\RoQ_video_tools_src\roq2_msvc2013\roq2_src\libim\imvfbcomp.c(981,37): warning C4244: '=': conversion from 'double' to 'float', possible loss of data
E:\DoomAndRedEngine\GameEngine\RoQ_video_tools_src\roq2_msvc2013\roq2_src\libim\imvfbcomp.c(1015,32): warning C4244: '=': conversion from 'double' to 'float', possible loss of data
E:\DoomAndRedEngine\GameEngine\RoQ_video_tools_src\roq2_msvc2013\roq2_src\libim\imvfbcomp.c(1019,32): warning C4244: '=': conversion from 'double' to 'float', possible loss of data
E:\DoomAndRedEngine\GameEngine\RoQ_video_tools_src\roq2_msvc2013\roq2_src\libim\imvfbcomp.c(1023,32): warning C4244: '=': conversion from 'double' to 'float', possible loss of data
E:\DoomAndRedEngine\GameEngine\RoQ_video_tools_src\roq2_msvc2013\roq2_src\libim\imvfbcomp.c(1197,37): warning C4244: '=': conversion from 'double' to 'float', possible loss of data
E:\DoomAndRedEngine\GameEngine\RoQ_video_tools_src\roq2_msvc2013\roq2_src\libim\imvfbcomp.c(1199,37): warning C4244: '=': conversion from 'double' to 'float', possible loss of data
E:\DoomAndRedEngine\GameEngine\RoQ_video_tools_src\roq2_msvc2013\roq2_src\libim\imvfbcomp.c(1233,32): warning C4244: '=': conversion from 'double' to 'float', possible loss of data
E:\DoomAndRedEngine\GameEngine\RoQ_video_tools_src\roq2_msvc2013\roq2_src\libim\imvfbcomp.c(1237,32): warning C4244: '=': conversion from 'double' to 'float', possible loss of data
E:\DoomAndRedEngine\GameEngine\RoQ_video_tools_src\roq2_msvc2013\roq2_src\libim\imvfbcomp.c(1241,32): warning C4244: '=': conversion from 'double' to 'float', possible loss of data
E:\DoomAndRedEngine\GameEngine\RoQ_video_tools_src\roq2_msvc2013\roq2_src\libim\imvfbcomp.c(1413,37): warning C4244: '=': conversion from 'double' to 'float', possible loss of data
E:\DoomAndRedEngine\GameEngine\RoQ_video_tools_src\roq2_msvc2013\roq2_src\libim\imvfbcomp.c(1627,37): warning C4244: '=': conversion from 'double' to 'float', possible loss of data
E:\DoomAndRedEngine\GameEngine\RoQ_video_tools_src\roq2_msvc2013\roq2_src\libim\imvfbcomp.c(1661,23): warning C4244: '=': conversion from 'double' to 'float', possible loss of data
E:\DoomAndRedEngine\GameEngine\RoQ_video_tools_src\roq2_msvc2013\roq2_src\libim\imvfbcomp.c(1665,23): warning C4244: '=': conversion from 'double' to 'float', possible loss of data
E:\DoomAndRedEngine\GameEngine\RoQ_video_tools_src\roq2_msvc2013\roq2_src\libim\imvfbcomp.c(1669,23): warning C4244: '=': conversion from 'double' to 'float', possible loss of data
  imvfbflip.c
  imvfbgamma.c
E:\DoomAndRedEngine\GameEngine\RoQ_video_tools_src\roq2_msvc2013\roq2_src\libim\imvfbgamma.c(345,10): warning C4244: '=': conversion from 'double' to 'float', possible loss of data
E:\DoomAndRedEngine\GameEngine\RoQ_video_tools_src\roq2_msvc2013\roq2_src\libim\imvfbgamma.c(359,10): warning C4244: '=': conversion from 'double' to 'float', possible loss of data
E:\DoomAndRedEngine\GameEngine\RoQ_video_tools_src\roq2_msvc2013\roq2_src\libim\imvfbgamma.c(373,10): warning C4244: '=': conversion from 'double' to 'float', possible loss of data
E:\DoomAndRedEngine\GameEngine\RoQ_video_tools_src\roq2_msvc2013\roq2_src\libim\imvfbgamma.c(449,11): warning C4244: '=': conversion from 'double' to 'float', possible loss of data
E:\DoomAndRedEngine\GameEngine\RoQ_video_tools_src\roq2_msvc2013\roq2_src\libim\imvfbgamma.c(463,11): warning C4244: '=': conversion from 'double' to 'float', possible loss of data
E:\DoomAndRedEngine\GameEngine\RoQ_video_tools_src\roq2_msvc2013\roq2_src\libim\imvfbgamma.c(477,11): warning C4244: '=': conversion from 'double' to 'float', possible loss of data
E:\DoomAndRedEngine\GameEngine\RoQ_video_tools_src\roq2_msvc2013\roq2_src\libim\imvfbgamma.c(525,11): warning C4244: '=': conversion from 'double' to 'float', possible loss of data
  Generating Code...
E:\DoomAndRedEngine\GameEngine\RoQ_video_tools_src\roq2_msvc2013\roq2_src\libim\imtiff.c(3949): warning C4715: 'imTiffDataItem': not all control paths return a value
  Compiling...
  imvfbhist.c
E:\DoomAndRedEngine\GameEngine\RoQ_video_tools_src\roq2_msvc2013\roq2_src\libim\imvfbhist.c(595,37): warning C4305: '*=': truncation from 'double' to 'float'
E:\DoomAndRedEngine\GameEngine\RoQ_video_tools_src\roq2_msvc2013\roq2_src\libim\imvfbhist.c(596,37): warning C4305: '*=': truncation from 'double' to 'float'
E:\DoomAndRedEngine\GameEngine\RoQ_video_tools_src\roq2_msvc2013\roq2_src\libim\imvfbhist.c(1500,1): warning C4244: '=': conversion from 'double' to 'float', possible loss of data
E:\DoomAndRedEngine\GameEngine\RoQ_video_tools_src\roq2_msvc2013\roq2_src\libim\imvfbhist.c(1502,1): warning C4244: '=': conversion from 'double' to 'float', possible loss of data
E:\DoomAndRedEngine\GameEngine\RoQ_video_tools_src\roq2_msvc2013\roq2_src\libim\imvfbhist.c(1504,1): warning C4244: '=': conversion from 'double' to 'float', possible loss of data
E:\DoomAndRedEngine\GameEngine\RoQ_video_tools_src\roq2_msvc2013\roq2_src\libim\imvfbhist.c(1806,1): warning C4244: '=': conversion from 'double' to 'float', possible loss of data
E:\DoomAndRedEngine\GameEngine\RoQ_video_tools_src\roq2_msvc2013\roq2_src\libim\imvfbhist.c(1810,1): warning C4244: '=': conversion from 'double' to 'float', possible loss of data
E:\DoomAndRedEngine\GameEngine\RoQ_video_tools_src\roq2_msvc2013\roq2_src\libim\imvfbhist.c(1814,1): warning C4244: '=': conversion from 'double' to 'float', possible loss of data
E:\DoomAndRedEngine\GameEngine\RoQ_video_tools_src\roq2_msvc2013\roq2_src\libim\imvfbhist.c(1819,1): warning C4244: '=': conversion from 'double' to 'float', possible loss of data
E:\DoomAndRedEngine\GameEngine\RoQ_video_tools_src\roq2_msvc2013\roq2_src\libim\imvfbhist.c(1823,1): warning C4244: '=': conversion from 'double' to 'float', possible loss of data
E:\DoomAndRedEngine\GameEngine\RoQ_video_tools_src\roq2_msvc2013\roq2_src\libim\imvfbhist.c(1828,1): warning C4244: '=': conversion from 'double' to 'float', possible loss of data
E:\DoomAndRedEngine\GameEngine\RoQ_video_tools_src\roq2_msvc2013\roq2_src\libim\imvfbhist.c(2253,1): warning C4244: '=': conversion from 'sdsc_uint16' to 'unsigned char', possible loss of data
E:\DoomAndRedEngine\GameEngine\RoQ_video_tools_src\roq2_msvc2013\roq2_src\libim\imvfbhist.c(2257,1): warning C4244: '=': conversion from 'sdsc_uint16' to 'unsigned char', possible loss of data
E:\DoomAndRedEngine\GameEngine\RoQ_video_tools_src\roq2_msvc2013\roq2_src\libim\imvfbhist.c(2261,1): warning C4244: '=': conversion from 'sdsc_uint16' to 'unsigned char', possible loss of data
E:\DoomAndRedEngine\GameEngine\RoQ_video_tools_src\roq2_msvc2013\roq2_src\libim\imvfbhist.c(2265,1): warning C4244: '=': conversion from 'sdsc_uint16' to 'unsigned char', possible loss of data
E:\DoomAndRedEngine\GameEngine\RoQ_video_tools_src\roq2_msvc2013\roq2_src\libim\imvfbhist.c(2269,1): warning C4244: '=': conversion from 'sdsc_uint16' to 'unsigned char', possible loss of data
E:\DoomAndRedEngine\GameEngine\RoQ_video_tools_src\roq2_msvc2013\roq2_src\libim\imvfbhist.c(2273,1): warning C4244: '=': conversion from 'sdsc_uint16' to 'unsigned char', possible loss of data
E:\DoomAndRedEngine\GameEngine\RoQ_video_tools_src\roq2_msvc2013\roq2_src\libim\imvfbhist.c(2278,1): warning C4244: '=': conversion from 'sdsc_uint16' to 'unsigned char', possible loss of data
E:\DoomAndRedEngine\GameEngine\RoQ_video_tools_src\roq2_msvc2013\roq2_src\libim\imvfbhist.c(2282,1): warning C4244: '=': conversion from 'sdsc_uint16' to 'unsigned char', possible loss of data
E:\DoomAndRedEngine\GameEngine\RoQ_video_tools_src\roq2_msvc2013\roq2_src\libim\imvfbhist.c(2286,1): warning C4244: '=': conversion from 'sdsc_uint16' to 'unsigned char', possible loss of data
E:\DoomAndRedEngine\GameEngine\RoQ_video_tools_src\roq2_msvc2013\roq2_src\libim\imvfbhist.c(2290,1): warning C4244: '=': conversion from 'sdsc_uint16' to 'unsigned char', possible loss of data
E:\DoomAndRedEngine\GameEngine\RoQ_video_tools_src\roq2_msvc2013\roq2_src\libim\imvfbhist.c(2295,1): warning C4244: '=': conversion from 'sdsc_uint16' to 'unsigned char', possible loss of data
E:\DoomAndRedEngine\GameEngine\RoQ_video_tools_src\roq2_msvc2013\roq2_src\libim\imvfbhist.c(2299,1): warning C4244: '=': conversion from 'sdsc_uint16' to 'unsigned char', possible loss of data
E:\DoomAndRedEngine\GameEngine\RoQ_video_tools_src\roq2_msvc2013\roq2_src\libim\imvfbhist.c(2304,1): warning C4244: '=': conversion from 'double' to 'float', possible loss of data
E:\DoomAndRedEngine\GameEngine\RoQ_video_tools_src\roq2_msvc2013\roq2_src\libim\imvfbhist.c(2308,1): warning C4244: '=': conversion from 'double' to 'float', possible loss of data
E:\DoomAndRedEngine\GameEngine\RoQ_video_tools_src\roq2_msvc2013\roq2_src\libim\imvfbhist.c(2308,1): warning C4244: '=': conversion from 'sdsc_uint16' to 'unsigned char', possible loss of data
E:\DoomAndRedEngine\GameEngine\RoQ_video_tools_src\roq2_msvc2013\roq2_src\libim\imvfbhist.c(2312,1): warning C4244: '=': conversion from 'double' to 'float', possible loss of data
E:\DoomAndRedEngine\GameEngine\RoQ_video_tools_src\roq2_msvc2013\roq2_src\libim\imvfbhist.c(2316,1): warning C4244: '=': conversion from 'double' to 'float', possible loss of data
E:\DoomAndRedEngine\GameEngine\RoQ_video_tools_src\roq2_msvc2013\roq2_src\libim\imvfbhist.c(2316,1): warning C4244: '=': conversion from 'sdsc_uint16' to 'unsigned char', possible loss of data
E:\DoomAndRedEngine\GameEngine\RoQ_video_tools_src\roq2_msvc2013\roq2_src\libim\imvfbhist.c(2320,1): warning C4244: '=': conversion from 'double' to 'float', possible loss of data
E:\DoomAndRedEngine\GameEngine\RoQ_video_tools_src\roq2_msvc2013\roq2_src\libim\imvfbhist.c(2324,1): warning C4244: '=': conversion from 'double' to 'float', possible loss of data
E:\DoomAndRedEngine\GameEngine\RoQ_video_tools_src\roq2_msvc2013\roq2_src\libim\imvfbhist.c(2329,1): warning C4244: '=': conversion from 'double' to 'float', possible loss of data
E:\DoomAndRedEngine\GameEngine\RoQ_video_tools_src\roq2_msvc2013\roq2_src\libim\imvfbhist.c(2333,1): warning C4244: '=': conversion from 'double' to 'float', possible loss of data
E:\DoomAndRedEngine\GameEngine\RoQ_video_tools_src\roq2_msvc2013\roq2_src\libim\imvfbhist.c(2333,1): warning C4244: '=': conversion from 'sdsc_uint16' to 'unsigned char', possible loss of data
E:\DoomAndRedEngine\GameEngine\RoQ_video_tools_src\roq2_msvc2013\roq2_src\libim\imvfbhist.c(2337,1): warning C4244: '=': conversion from 'double' to 'float', possible loss of data
E:\DoomAndRedEngine\GameEngine\RoQ_video_tools_src\roq2_msvc2013\roq2_src\libim\imvfbhist.c(2341,1): warning C4244: '=': conversion from 'double' to 'float', possible loss of data
E:\DoomAndRedEngine\GameEngine\RoQ_video_tools_src\roq2_msvc2013\roq2_src\libim\imvfbhist.c(2346,1): warning C4244: '=': conversion from 'double' to 'float', possible loss of data
E:\DoomAndRedEngine\GameEngine\RoQ_video_tools_src\roq2_msvc2013\roq2_src\libim\imvfbhist.c(2350,1): warning C4244: '=': conversion from 'double' to 'float', possible loss of data
E:\DoomAndRedEngine\GameEngine\RoQ_video_tools_src\roq2_msvc2013\roq2_src\libim\imvfbhist.c(2694,1): warning C4244: '=': conversion from 'sdsc_uint16' to 'unsigned char', possible loss of data
E:\DoomAndRedEngine\GameEngine\RoQ_video_tools_src\roq2_msvc2013\roq2_src\libim\imvfbhist.c(2698,1): warning C4244: '=': conversion from 'sdsc_uint16' to 'unsigned char', possible loss of data
E:\DoomAndRedEngine\GameEngine\RoQ_video_tools_src\roq2_msvc2013\roq2_src\libim\imvfbhist.c(2702,1): warning C4244: '=': conversion from 'sdsc_uint16' to 'unsigned char', possible loss of data
E:\DoomAndRedEngine\GameEngine\RoQ_video_tools_src\roq2_msvc2013\roq2_src\libim\imvfbhist.c(2707,1): warning C4244: '=': conversion from 'sdsc_uint16' to 'unsigned char', possible loss of data
E:\DoomAndRedEngine\GameEngine\RoQ_video_tools_src\roq2_msvc2013\roq2_src\libim\imvfbhist.c(2711,1): warning C4244: '=': conversion from 'sdsc_uint16' to 'unsigned char', possible loss of data
E:\DoomAndRedEngine\GameEngine\RoQ_video_tools_src\roq2_msvc2013\roq2_src\libim\imvfbhist.c(2716,1): warning C4244: '=': conversion from 'sdsc_uint16' to 'unsigned char', possible loss of data
E:\DoomAndRedEngine\GameEngine\RoQ_video_tools_src\roq2_msvc2013\roq2_src\libim\imvfbhist.c(2721,1): warning C4244: '=': conversion from 'double' to 'float', possible loss of data
E:\DoomAndRedEngine\GameEngine\RoQ_video_tools_src\roq2_msvc2013\roq2_src\libim\imvfbhist.c(2721,1): warning C4244: '=': conversion from 'sdsc_uint16' to 'unsigned char', possible loss of data
E:\DoomAndRedEngine\GameEngine\RoQ_video_tools_src\roq2_msvc2013\roq2_src\libim\imvfbhist.c(2725,1): warning C4244: '=': conversion from 'double' to 'float', possible loss of data
E:\DoomAndRedEngine\GameEngine\RoQ_video_tools_src\roq2_msvc2013\roq2_src\libim\imvfbhist.c(2725,1): warning C4244: '=': conversion from 'sdsc_uint16' to 'unsigned char', possible loss of data
E:\DoomAndRedEngine\GameEngine\RoQ_video_tools_src\roq2_msvc2013\roq2_src\libim\imvfbhist.c(2729,1): warning C4244: '=': conversion from 'double' to 'float', possible loss of data
E:\DoomAndRedEngine\GameEngine\RoQ_video_tools_src\roq2_msvc2013\roq2_src\libim\imvfbhist.c(2733,1): warning C4244: '=': conversion from 'double' to 'float', possible loss of data
E:\DoomAndRedEngine\GameEngine\RoQ_video_tools_src\roq2_msvc2013\roq2_src\libim\imvfbhist.c(2733,1): warning C4244: '=': conversion from 'sdsc_uint16' to 'unsigned char', possible loss of data
E:\DoomAndRedEngine\GameEngine\RoQ_video_tools_src\roq2_msvc2013\roq2_src\libim\imvfbhist.c(2737,1): warning C4244: '=': conversion from 'double' to 'float', possible loss of data
E:\DoomAndRedEngine\GameEngine\RoQ_video_tools_src\roq2_msvc2013\roq2_src\libim\imvfbhist.c(2741,1): warning C4244: '=': conversion from 'double' to 'float', possible loss of data
  imvfblight.c
E:\DoomAndRedEngine\GameEngine\RoQ_video_tools_src\roq2_msvc2013\roq2_src\libim\imvfblight.c(463,8): warning C4244: '=': conversion from 'double' to 'float', possible loss of data
E:\DoomAndRedEngine\GameEngine\RoQ_video_tools_src\roq2_msvc2013\roq2_src\libim\imvfblight.c(465,8): warning C4244: '=': conversion from 'double' to 'float', possible loss of data
E:\DoomAndRedEngine\GameEngine\RoQ_video_tools_src\roq2_msvc2013\roq2_src\libim\imvfblight.c(467,8): warning C4244: '=': conversion from 'double' to 'float', possible loss of data
E:\DoomAndRedEngine\GameEngine\RoQ_video_tools_src\roq2_msvc2013\roq2_src\libim\imvfblight.c(471,9): warning C4244: '*=': conversion from 'double' to 'float', possible loss of data
E:\DoomAndRedEngine\GameEngine\RoQ_video_tools_src\roq2_msvc2013\roq2_src\libim\imvfblight.c(541,8): warning C4244: '=': conversion from 'double' to 'float', possible loss of data
E:\DoomAndRedEngine\GameEngine\RoQ_video_tools_src\roq2_msvc2013\roq2_src\libim\imvfblight.c(543,8): warning C4244: '=': conversion from 'double' to 'float', possible loss of data
E:\DoomAndRedEngine\GameEngine\RoQ_video_tools_src\roq2_msvc2013\roq2_src\libim\imvfblight.c(545,8): warning C4244: '=': conversion from 'double' to 'float', possible loss of data
E:\DoomAndRedEngine\GameEngine\RoQ_video_tools_src\roq2_msvc2013\roq2_src\libim\imvfblight.c(549,9): warning C4244: '*=': conversion from 'double' to 'float', possible loss of data
  imvfbresize.c
E:\DoomAndRedEngine\GameEngine\RoQ_video_tools_src\roq2_msvc2013\roq2_src\libim\imvfbresize.c(358,18): warning C4244: '=': conversion from 'double' to 'float', possible loss of data
E:\DoomAndRedEngine\GameEngine\RoQ_video_tools_src\roq2_msvc2013\roq2_src\libim\imvfbresize.c(372,19): warning C4244: '=': conversion from 'double' to 'float', possible loss of data
E:\DoomAndRedEngine\GameEngine\RoQ_video_tools_src\roq2_msvc2013\roq2_src\libim\imvfbresize.c(493,8): warning C4244: '=': conversion from 'int' to 'float', possible loss of data
  imvfbrotate.c
E:\DoomAndRedEngine\GameEngine\RoQ_video_tools_src\roq2_msvc2013\roq2_src\libim\imvfbrotate.c(1165,22): warning C4244: '=': conversion from 'double' to 'float', possible loss of data
E:\DoomAndRedEngine\GameEngine\RoQ_video_tools_src\roq2_msvc2013\roq2_src\libim\imvfbrotate.c(1273,25): warning C4305: '-=': truncation from 'double' to 'float'
  imvfbto.c
  imviff.c
E:\DoomAndRedEngine\GameEngine\RoQ_video_tools_src\roq2_msvc2013\roq2_src\libim\imviff.c(551,57): warning C4047: 'initializing': 'int' differs in levels of indirection from 'void *'
E:\DoomAndRedEngine\GameEngine\RoQ_video_tools_src\roq2_msvc2013\roq2_src\libim\imviff.c(935,17): warning C4013: 'lseek' undefined; assuming extern returning int
E:\DoomAndRedEngine\GameEngine\RoQ_video_tools_src\roq2_msvc2013\roq2_src\libim\imviff.c(1100,24): warning C4477: 'sprintf' : format string '%f' requires an argument of type 'double', but variadic argument 1 has type 'unsigned long'
E:\DoomAndRedEngine\GameEngine\RoQ_video_tools_src\roq2_msvc2013\roq2_src\libim\imviff.c(1118,15): warning C4018: '<': signed/unsigned mismatch
E:\DoomAndRedEngine\GameEngine\RoQ_video_tools_src\roq2_msvc2013\roq2_src\libim\imviff.c(1125,15): warning C4018: '<': signed/unsigned mismatch
E:\DoomAndRedEngine\GameEngine\RoQ_video_tools_src\roq2_msvc2013\roq2_src\libim\imviff.c(1132,15): warning C4018: '<': signed/unsigned mismatch
E:\DoomAndRedEngine\GameEngine\RoQ_video_tools_src\roq2_msvc2013\roq2_src\libim\imviff.c(1147,29): warning C4018: '<': signed/unsigned mismatch
E:\DoomAndRedEngine\GameEngine\RoQ_video_tools_src\roq2_msvc2013\roq2_src\libim\imviff.c(919,33): warning C4101: 'z': unreferenced local variable
E:\DoomAndRedEngine\GameEngine\RoQ_video_tools_src\roq2_msvc2013\roq2_src\libim\imviff.c(908,18): warning C4101: 'pPixel': unreferenced local variable
E:\DoomAndRedEngine\GameEngine\RoQ_video_tools_src\roq2_msvc2013\roq2_src\libim\imviff.c(910,22): warning C4101: 'pptr': unreferenced local variable
E:\DoomAndRedEngine\GameEngine\RoQ_video_tools_src\roq2_msvc2013\roq2_src\libim\imviff.c(917,26): warning C4101: 'y': unreferenced local variable
E:\DoomAndRedEngine\GameEngine\RoQ_video_tools_src\roq2_msvc2013\roq2_src\libim\imviff.c(917,24): warning C4101: 'x': unreferenced local variable
E:\DoomAndRedEngine\GameEngine\RoQ_video_tools_src\roq2_msvc2013\roq2_src\libim\imviff.c(914,31): warning C4101: 'bufferuc': unreferenced local variable
E:\DoomAndRedEngine\GameEngine\RoQ_video_tools_src\roq2_msvc2013\roq2_src\libim\imviff.c(916,23): warning C4101: 'bufferl': unreferenced local variable
E:\DoomAndRedEngine\GameEngine\RoQ_video_tools_src\roq2_msvc2013\roq2_src\libim\imviff.c(907,24): warning C4101: 'pBuffer': unreferenced local variable
E:\DoomAndRedEngine\GameEngine\RoQ_video_tools_src\roq2_msvc2013\roq2_src\libim\imviff.c(1254,32): warning C4018: '<': signed/unsigned mismatch
E:\DoomAndRedEngine\GameEngine\RoQ_video_tools_src\roq2_msvc2013\roq2_src\libim\imviff.c(1262,34): warning C4018: '<': signed/unsigned mismatch
E:\DoomAndRedEngine\GameEngine\RoQ_video_tools_src\roq2_msvc2013\roq2_src\libim\imviff.c(1331,32): warning C4018: '<': signed/unsigned mismatch
E:\DoomAndRedEngine\GameEngine\RoQ_video_tools_src\roq2_msvc2013\roq2_src\libim\imviff.c(1339,34): warning C4018: '<': signed/unsigned mismatch
E:\DoomAndRedEngine\GameEngine\RoQ_video_tools_src\roq2_msvc2013\roq2_src\libim\imviff.c(1347,32): warning C4018: '<': signed/unsigned mismatch
E:\DoomAndRedEngine\GameEngine\RoQ_video_tools_src\roq2_msvc2013\roq2_src\libim\imviff.c(1355,34): warning C4018: '<': signed/unsigned mismatch
E:\DoomAndRedEngine\GameEngine\RoQ_video_tools_src\roq2_msvc2013\roq2_src\libim\imviff.c(1363,32): warning C4018: '<': signed/unsigned mismatch
E:\DoomAndRedEngine\GameEngine\RoQ_video_tools_src\roq2_msvc2013\roq2_src\libim\imviff.c(1371,34): warning C4018: '<': signed/unsigned mismatch
E:\DoomAndRedEngine\GameEngine\RoQ_video_tools_src\roq2_msvc2013\roq2_src\libim\imviff.c(1235,19): warning C4101: 'z': unreferenced local variable
E:\DoomAndRedEngine\GameEngine\RoQ_video_tools_src\roq2_msvc2013\roq2_src\libim\imviff.c(1244,17): warning C4101: 'expgreen': unreferenced local variable
E:\DoomAndRedEngine\GameEngine\RoQ_video_tools_src\roq2_msvc2013\roq2_src\libim\imviff.c(1243,17): warning C4101: 'expred': unreferenced local variable
E:\DoomAndRedEngine\GameEngine\RoQ_video_tools_src\roq2_msvc2013\roq2_src\libim\imviff.c(1233,15): warning C4101: 'pBufferl': unreferenced local variable
E:\DoomAndRedEngine\GameEngine\RoQ_video_tools_src\roq2_msvc2013\roq2_src\libim\imviff.c(1245,17): warning C4101: 'expblue': unreferenced local variable
E:\DoomAndRedEngine\GameEngine\RoQ_video_tools_src\roq2_msvc2013\roq2_src\libim\imviff.c(1232,23): warning C4101: 'bufferl': unreferenced local variable
E:\DoomAndRedEngine\GameEngine\RoQ_video_tools_src\roq2_msvc2013\roq2_src\libim\imviff.c(1473,32): warning C4018: '<': signed/unsigned mismatch
E:\DoomAndRedEngine\GameEngine\RoQ_video_tools_src\roq2_msvc2013\roq2_src\libim\imviff.c(1481,34): warning C4018: '<': signed/unsigned mismatch
E:\DoomAndRedEngine\GameEngine\RoQ_video_tools_src\roq2_msvc2013\roq2_src\libim\imviff.c(1462,19): warning C4101: 'z': unreferenced local variable
E:\DoomAndRedEngine\GameEngine\RoQ_video_tools_src\roq2_msvc2013\roq2_src\libim\imviff.c(1536,16): warning C4018: '<': signed/unsigned mismatch
E:\DoomAndRedEngine\GameEngine\RoQ_video_tools_src\roq2_msvc2013\roq2_src\libim\imviff.c(1549,16): warning C4018: '<': signed/unsigned mismatch
E:\DoomAndRedEngine\GameEngine\RoQ_video_tools_src\roq2_msvc2013\roq2_src\libim\imviff.c(1526,25): warning C4101: 'leadByte': unreferenced local variable
E:\DoomAndRedEngine\GameEngine\RoQ_video_tools_src\roq2_msvc2013\roq2_src\libim\imviff.c(1522,15): warning C4101: 'total': unreferenced local variable
E:\DoomAndRedEngine\GameEngine\RoQ_video_tools_src\roq2_msvc2013\roq2_src\libim\imviff.c(1517,15): warning C4101: 'pBufferl': unreferenced local variable
E:\DoomAndRedEngine\GameEngine\RoQ_video_tools_src\roq2_msvc2013\roq2_src\libim\imviff.c(1524,25): warning C4101: 'rle': unreferenced local variable
E:\DoomAndRedEngine\GameEngine\RoQ_video_tools_src\roq2_msvc2013\roq2_src\libim\imviff.c(1525,15): warning C4101: 'field': unreferenced local variable
E:\DoomAndRedEngine\GameEngine\RoQ_video_tools_src\roq2_msvc2013\roq2_src\libim\imviff.c(1521,24): warning C4101: 'pBuffer': unreferenced local variable
E:\DoomAndRedEngine\GameEngine\RoQ_video_tools_src\roq2_msvc2013\roq2_src\libim\imviff.c(1516,23): warning C4101: 'bufferl': unreferenced local variable
E:\DoomAndRedEngine\GameEngine\RoQ_video_tools_src\roq2_msvc2013\roq2_src\libim\imviff.c(1587,22): warning C4101: 'tagEntry': unreferenced local variable
E:\DoomAndRedEngine\GameEngine\RoQ_video_tools_src\roq2_msvc2013\roq2_src\libim\imviff.c(1586,36): warning C4101: 'j': unreferenced local variable
E:\DoomAndRedEngine\GameEngine\RoQ_video_tools_src\roq2_msvc2013\roq2_src\libim\imviff.c(1586,34): warning C4101: 'i': unreferenced local variable
E:\DoomAndRedEngine\GameEngine\RoQ_video_tools_src\roq2_msvc2013\roq2_src\libim\imviff.c(1586,26): warning C4101: 'n': unreferenced local variable
E:\DoomAndRedEngine\GameEngine\RoQ_video_tools_src\roq2_msvc2013\roq2_src\libim\imviff.c(1760,22): warning C4101: 'tagEntry': unreferenced local variable
E:\DoomAndRedEngine\GameEngine\RoQ_video_tools_src\roq2_msvc2013\roq2_src\libim\imviff.c(1759,22): warning C4101: 'n': unreferenced local variable
E:\DoomAndRedEngine\GameEngine\RoQ_video_tools_src\roq2_msvc2013\roq2_src\libim\imviff.c(1899,22): warning C4101: 'tagEntry': unreferenced local variable
E:\DoomAndRedEngine\GameEngine\RoQ_video_tools_src\roq2_msvc2013\roq2_src\libim\imviff.c(1898,22): warning C4101: 'n': unreferenced local variable
E:\DoomAndRedEngine\GameEngine\RoQ_video_tools_src\roq2_msvc2013\roq2_src\libim\imviff.c(2041,22): warning C4101: 'tagEntry': unreferenced local variable
E:\DoomAndRedEngine\GameEngine\RoQ_video_tools_src\roq2_msvc2013\roq2_src\libim\imviff.c(2040,22): warning C4101: 'n': unreferenced local variable
E:\DoomAndRedEngine\GameEngine\RoQ_video_tools_src\roq2_msvc2013\roq2_src\libim\imviff.c(2255,28): warning C4018: '<': signed/unsigned mismatch
E:\DoomAndRedEngine\GameEngine\RoQ_video_tools_src\roq2_msvc2013\roq2_src\libim\imviff.c(2262,28): warning C4018: '<': signed/unsigned mismatch
E:\DoomAndRedEngine\GameEngine\RoQ_video_tools_src\roq2_msvc2013\roq2_src\libim\imviff.c(2269,28): warning C4018: '<': signed/unsigned mismatch
E:\DoomAndRedEngine\GameEngine\RoQ_video_tools_src\roq2_msvc2013\roq2_src\libim\imviff.c(2144,22): warning C4101: 'pptr': unreferenced local variable
E:\DoomAndRedEngine\GameEngine\RoQ_video_tools_src\roq2_msvc2013\roq2_src\libim\imviff.c(2150,26): warning C4101: 'y': unreferenced local variable
E:\DoomAndRedEngine\GameEngine\RoQ_video_tools_src\roq2_msvc2013\roq2_src\libim\imviff.c(2150,28): warning C4101: 'i': unreferenced local variable
E:\DoomAndRedEngine\GameEngine\RoQ_video_tools_src\roq2_msvc2013\roq2_src\libim\imviff.c(2150,24): warning C4101: 'x': unreferenced local variable
E:\DoomAndRedEngine\GameEngine\RoQ_video_tools_src\roq2_msvc2013\roq2_src\libim\imviff.c(2150,22): warning C4101: 'n': unreferenced local variable
  imx.c
E:\DoomAndRedEngine\GameEngine\RoQ_video_tools_src\roq2_msvc2013\roq2_src\libim\imx.c(190,57): warning C4047: 'initializing': 'int' differs in levels of indirection from 'void *'
  imxbm.c
E:\DoomAndRedEngine\GameEngine\RoQ_video_tools_src\roq2_msvc2013\roq2_src\libim\imxbm.c(379,57): warning C4047: 'initializing': 'int' differs in levels of indirection from 'void *'
E:\DoomAndRedEngine\GameEngine\RoQ_video_tools_src\roq2_msvc2013\roq2_src\libim\imxbm.c(519,14): warning C4996: 'fdopen': The POSIX name for this item is deprecated. Instead, use the ISO C and C++ conformant name: _fdopen. See online help for details.
E:\DoomAndRedEngine\GameEngine\RoQ_video_tools_src\roq2_msvc2013\roq2_src\libim\imxbm.c(1091,3): warning C4013: 'write' undefined; assuming extern returning int
E:\DoomAndRedEngine\GameEngine\RoQ_video_tools_src\roq2_msvc2013\roq2_src\libim\imxbm.c(989,13): warning C4101: 'n': unreferenced local variable
  imxpm.c
E:\DoomAndRedEngine\GameEngine\RoQ_video_tools_src\roq2_msvc2013\roq2_src\libim\imxpm.c(379,57): warning C4047: 'initializing': 'int' differs in levels of indirection from 'void *'
E:\DoomAndRedEngine\GameEngine\RoQ_video_tools_src\roq2_msvc2013\roq2_src\libim\imxpm.c(545,14): warning C4996: 'fdopen': The POSIX name for this item is deprecated. Instead, use the ISO C and C++ conformant name: _fdopen. See online help for details.
E:\DoomAndRedEngine\GameEngine\RoQ_video_tools_src\roq2_msvc2013\roq2_src\libim\imxpm.c(1803,14): warning C4996: 'fdopen': The POSIX name for this item is deprecated. Instead, use the ISO C and C++ conformant name: _fdopen. See online help for details.
  imxwd.c
E:\DoomAndRedEngine\GameEngine\RoQ_video_tools_src\roq2_msvc2013\roq2_src\libim\imxwd.c(443,57): warning C4047: 'initializing': 'int' differs in levels of indirection from 'void *'
E:\DoomAndRedEngine\GameEngine\RoQ_video_tools_src\roq2_msvc2013\roq2_src\libim\imxwd.c(888,18): warning C4018: '<': signed/unsigned mismatch
E:\DoomAndRedEngine\GameEngine\RoQ_video_tools_src\roq2_msvc2013\roq2_src\libim\imxwd.c(905,18): warning C4018: '<': signed/unsigned mismatch
E:\DoomAndRedEngine\GameEngine\RoQ_video_tools_src\roq2_msvc2013\roq2_src\libim\imxwd.c(694,15): warning C4101: 'pPixel': unreferenced local variable
E:\DoomAndRedEngine\GameEngine\RoQ_video_tools_src\roq2_msvc2013\roq2_src\libim\imxwd.c(1128,17): warning C4018: '<': signed/unsigned mismatch
E:\DoomAndRedEngine\GameEngine\RoQ_video_tools_src\roq2_msvc2013\roq2_src\libim\imxwd.c(1197,18): warning C4018: '<': signed/unsigned mismatch
E:\DoomAndRedEngine\GameEngine\RoQ_video_tools_src\roq2_msvc2013\roq2_src\libim\imxwd.c(1227,17): warning C4018: '<': signed/unsigned mismatch
E:\DoomAndRedEngine\GameEngine\RoQ_video_tools_src\roq2_msvc2013\roq2_src\libim\imxwd.c(1305,18): warning C4018: '<': signed/unsigned mismatch
E:\DoomAndRedEngine\GameEngine\RoQ_video_tools_src\roq2_msvc2013\roq2_src\libim\imxwd.c(1343,17): warning C4018: '<': signed/unsigned mismatch
E:\DoomAndRedEngine\GameEngine\RoQ_video_tools_src\roq2_msvc2013\roq2_src\libim\imxwd.c(1439,17): warning C4018: '<': signed/unsigned mismatch
  macpack.c
E:\DoomAndRedEngine\GameEngine\RoQ_video_tools_src\roq2_msvc2013\roq2_src\libim\macpack.c(351,16): warning C4018: '<': signed/unsigned mismatch
E:\DoomAndRedEngine\GameEngine\RoQ_video_tools_src\roq2_msvc2013\roq2_src\libim\macpack.c(383,16): warning C4018: '<': signed/unsigned mismatch
E:\DoomAndRedEngine\GameEngine\RoQ_video_tools_src\roq2_msvc2013\roq2_src\libim\macpack.c(483,12): warning C4018: '<': signed/unsigned mismatch
E:\DoomAndRedEngine\GameEngine\RoQ_video_tools_src\roq2_msvc2013\roq2_src\libim\macpack.c(825,17): warning C4018: '<': signed/unsigned mismatch
E:\DoomAndRedEngine\GameEngine\RoQ_video_tools_src\roq2_msvc2013\roq2_src\libim\macpack.c(865,17): warning C4018: '<': signed/unsigned mismatch
  Generating Code...
imipw.obj : warning LNK4006: _ImFileXFormat already defined in imx.obj; second definition ignored
  libim.vcxproj -> E:\DoomAndRedEngine\GameEngine\RoQ_video_tools_src\roq2_msvc2013\roq2_src\libim\Debug\libim.lib
