e:\doomandredengine\gameengine\roq2_video_tools_src\roq_video_tools_src\switchblade4\source code\src\switchblade4\sbmux4\release\vc143.pdb
e:\doomandredengine\gameengine\roq2_video_tools_src\roq_video_tools_src\switchblade4\source code\src\switchblade4\sbmux4\release\sbmux4main.obj
e:\doomandredengine\gameengine\roq2_video_tools_src\roq_video_tools_src\switchblade4\source code\src\switchblade4\sbmux4\release\sbmux4.obj
e:\doomandredengine\gameengine\roq2_video_tools_src\roq_video_tools_src\switchblade4\source code\src\switchblade4\sbmux4\release\sb4lsfreader.obj
e:\doomandredengine\gameengine\roq2_video_tools_src\roq_video_tools_src\switchblade4\source code\src\switchblade4\sbmux4\release\sb4avisoundreader.obj
e:\doomandredengine\gameengine\roq2_video_tools_src\roq_video_tools_src\switchblade4\source code\src\switchblade4\sbmux4\release\sb4getfile.obj
e:\doomandredengine\gameengine\roq2_video_tools_src\roq_video_tools_src\switchblade4\source code\src\switchblade4\sbmux4\release\tdp_vector.obj
e:\doomandredengine\gameengine\roq2_video_tools_src\roq_video_tools_src\switchblade4\source code\src\switchblade4\sbmux4\release\tdp_string.obj
e:\doomandredengine\gameengine\roq2_video_tools_src\roq_video_tools_src\switchblade4\source code\src\switchblade4\sbmux4\release\tdp_guard.obj
e:\doomandredengine\gameengine\roq2_video_tools_src\roq_video_tools_src\switchblade4\source code\src\switchblade4\sbmux4\release\tdp_exception.obj
e:\doomandredengine\gameengine\roq2_video_tools_src\roq_video_tools_src\switchblade4\source code\src\switchblade4\sbmux4\release\add.obj
e:\doomandredengine\gameengine\roq2_video_tools_src\roq_video_tools_src\switchblade4\source code\src\switchblade4\sbmux4\release\g72x.obj
e:\doomandredengine\gameengine\roq2_video_tools_src\roq_video_tools_src\switchblade4\source code\src\switchblade4\sbmux4\release\g723_40.obj
e:\doomandredengine\gameengine\roq2_video_tools_src\roq_video_tools_src\switchblade4\source code\src\switchblade4\sbmux4\release\g723_24.obj
e:\doomandredengine\gameengine\roq2_video_tools_src\roq_video_tools_src\switchblade4\source code\src\switchblade4\sbmux4\release\g723_16.obj
e:\doomandredengine\gameengine\roq2_video_tools_src\roq_video_tools_src\switchblade4\source code\src\switchblade4\sbmux4\release\g721.obj
e:\doomandredengine\gameengine\roq2_video_tools_src\roq_video_tools_src\switchblade4\source code\src\switchblade4\sbmux4\release\file_io.obj
e:\doomandredengine\gameengine\roq2_video_tools_src\roq_video_tools_src\switchblade4\source code\src\switchblade4\sbmux4\release\dwd.obj
e:\doomandredengine\gameengine\roq2_video_tools_src\roq_video_tools_src\switchblade4\source code\src\switchblade4\sbmux4\release\dither.obj
e:\doomandredengine\gameengine\roq2_video_tools_src\roq_video_tools_src\switchblade4\source code\src\switchblade4\sbmux4\release\common.obj
e:\doomandredengine\gameengine\roq2_video_tools_src\roq_video_tools_src\switchblade4\source code\src\switchblade4\sbmux4\release\command.obj
e:\doomandredengine\gameengine\roq2_video_tools_src\roq_video_tools_src\switchblade4\source code\src\switchblade4\sbmux4\release\au.obj
e:\doomandredengine\gameengine\roq2_video_tools_src\roq_video_tools_src\switchblade4\source code\src\switchblade4\sbmux4\release\aiff.obj
e:\doomandredengine\gameengine\roq2_video_tools_src\roq_video_tools_src\switchblade4\source code\src\switchblade4\sbmux4\release\adpcm.obj
e:\doomandredengine\gameengine\roq2_video_tools_src\roq_video_tools_src\switchblade4\source code\src\switchblade4\sbmux4\release\mat4.obj
e:\doomandredengine\gameengine\roq2_video_tools_src\roq_video_tools_src\switchblade4\source code\src\switchblade4\sbmux4\release\ircam.obj
e:\doomandredengine\gameengine\roq2_video_tools_src\roq_video_tools_src\switchblade4\source code\src\switchblade4\sbmux4\release\interleave.obj
e:\doomandredengine\gameengine\roq2_video_tools_src\roq_video_tools_src\switchblade4\source code\src\switchblade4\sbmux4\release\htk.obj
e:\doomandredengine\gameengine\roq2_video_tools_src\roq_video_tools_src\switchblade4\source code\src\switchblade4\sbmux4\release\table.obj
e:\doomandredengine\gameengine\roq2_video_tools_src\roq_video_tools_src\switchblade4\source code\src\switchblade4\sbmux4\release\short_term.obj
e:\doomandredengine\gameengine\roq2_video_tools_src\roq_video_tools_src\switchblade4\source code\src\switchblade4\sbmux4\release\rpe.obj
e:\doomandredengine\gameengine\roq2_video_tools_src\roq_video_tools_src\switchblade4\source code\src\switchblade4\sbmux4\release\preprocess.obj
e:\doomandredengine\gameengine\roq2_video_tools_src\roq_video_tools_src\switchblade4\source code\src\switchblade4\sbmux4\release\lpc.obj
e:\doomandredengine\gameengine\roq2_video_tools_src\roq_video_tools_src\switchblade4\source code\src\switchblade4\sbmux4\release\long_term.obj
e:\doomandredengine\gameengine\roq2_video_tools_src\roq_video_tools_src\switchblade4\source code\src\switchblade4\sbmux4\release\gsm_option.obj
e:\doomandredengine\gameengine\roq2_video_tools_src\roq_video_tools_src\switchblade4\source code\src\switchblade4\sbmux4\release\gsm_encode.obj
e:\doomandredengine\gameengine\roq2_video_tools_src\roq_video_tools_src\switchblade4\source code\src\switchblade4\sbmux4\release\gsm_destroy.obj
e:\doomandredengine\gameengine\roq2_video_tools_src\roq_video_tools_src\switchblade4\source code\src\switchblade4\sbmux4\release\gsm_decode.obj
e:\doomandredengine\gameengine\roq2_video_tools_src\roq_video_tools_src\switchblade4\source code\src\switchblade4\sbmux4\release\gsm_create.obj
e:\doomandredengine\gameengine\roq2_video_tools_src\roq_video_tools_src\switchblade4\source code\src\switchblade4\sbmux4\release\decode.obj
e:\doomandredengine\gameengine\roq2_video_tools_src\roq_video_tools_src\switchblade4\source code\src\switchblade4\sbmux4\release\code.obj
e:\doomandredengine\gameengine\roq2_video_tools_src\roq_video_tools_src\switchblade4\source code\src\switchblade4\sbmux4\release\wav_w64.obj
e:\doomandredengine\gameengine\roq2_video_tools_src\roq_video_tools_src\switchblade4\source code\src\switchblade4\sbmux4\release\wav.obj
e:\doomandredengine\gameengine\roq2_video_tools_src\roq_video_tools_src\switchblade4\source code\src\switchblade4\sbmux4\release\w64.obj
e:\doomandredengine\gameengine\roq2_video_tools_src\roq_video_tools_src\switchblade4\source code\src\switchblade4\sbmux4\release\voc.obj
e:\doomandredengine\gameengine\roq2_video_tools_src\roq_video_tools_src\switchblade4\source code\src\switchblade4\sbmux4\release\txw.obj
e:\doomandredengine\gameengine\roq2_video_tools_src\roq_video_tools_src\switchblade4\source code\src\switchblade4\sbmux4\release\svx.obj
e:\doomandredengine\gameengine\roq2_video_tools_src\roq_video_tools_src\switchblade4\source code\src\switchblade4\sbmux4\release\strings.obj
e:\doomandredengine\gameengine\roq2_video_tools_src\roq_video_tools_src\switchblade4\source code\src\switchblade4\sbmux4\release\sndfile.obj
e:\doomandredengine\gameengine\roq2_video_tools_src\roq_video_tools_src\switchblade4\source code\src\switchblade4\sbmux4\release\sfendian.obj
e:\doomandredengine\gameengine\roq2_video_tools_src\roq_video_tools_src\switchblade4\source code\src\switchblade4\sbmux4\release\sds.obj
e:\doomandredengine\gameengine\roq2_video_tools_src\roq_video_tools_src\switchblade4\source code\src\switchblade4\sbmux4\release\sd2.obj
e:\doomandredengine\gameengine\roq2_video_tools_src\roq_video_tools_src\switchblade4\source code\src\switchblade4\sbmux4\release\rx2.obj
e:\doomandredengine\gameengine\roq2_video_tools_src\roq_video_tools_src\switchblade4\source code\src\switchblade4\sbmux4\release\raw.obj
e:\doomandredengine\gameengine\roq2_video_tools_src\roq_video_tools_src\switchblade4\source code\src\switchblade4\sbmux4\release\pvf.obj
e:\doomandredengine\gameengine\roq2_video_tools_src\roq_video_tools_src\switchblade4\source code\src\switchblade4\sbmux4\release\ogg.obj
e:\doomandredengine\gameengine\roq2_video_tools_src\roq_video_tools_src\switchblade4\source code\src\switchblade4\sbmux4\release\nist.obj
e:\doomandredengine\gameengine\roq2_video_tools_src\roq_video_tools_src\switchblade4\source code\src\switchblade4\sbmux4\release\wve.obj
e:\doomandredengine\gameengine\roq2_video_tools_src\roq_video_tools_src\switchblade4\source code\src\switchblade4\sbmux4\release\sbmux4.tlog\cl.command.1.tlog
e:\doomandredengine\gameengine\roq2_video_tools_src\roq_video_tools_src\switchblade4\source code\src\switchblade4\sbmux4\release\sbmux4.tlog\cl.read.1.tlog
e:\doomandredengine\gameengine\roq2_video_tools_src\roq_video_tools_src\switchblade4\source code\src\switchblade4\sbmux4\release\sbmux4.tlog\cl.write.1.tlog
