  tif_aux.c
  tif_close.c
  tif_codec.c
  tif_color.c
  tif_compress.c
  tif_dir.c
  tif_dirinfo.c
  tif_dirread.c
  tif_dirwrite.c
  tif_dumpmode.c
  tif_error.c
  tif_extension.c
  tif_fax3.c
  tif_flush.c
  tif_getimage.c
  tif_jbig.c
  tif_jpeg.c
  tif_jpeg_12.c
  tif_luv.c
  tif_lzma.c
  Generating Code...
  Compiling...
  tif_lzw.c
  tif_next.c
  tif_ojpeg.c
  tif_open.c
  tif_packbits.c
  tif_pixarlog.c
  tif_predict.c
  tif_print.c
  tif_read.c
  tif_strip.c
  tif_swab.c
  tif_thunder.c
  tif_tile.c
  tif_version.c
  tif_warning.c
  tif_win32.c
  tif_write.c
  tif_zip.c
  Generating Code...
  tiff.vcxproj -> E:\DoomAndRedEngine\GameEngine\RoQ_video_tools_src\roq2_msvc2013\roq2_src\tiff\Debug\tiff.lib
